The push refers to repository [mithrilacr.azurecr.io/cicd-agent]
58b91829e423: Waiting
e7babf446d08: Waiting
7d09f694d785: Waiting
079b91bed114: Waiting
325baf1a37db: Waiting
714603df803c: Waiting
d419e7325cbc: Waiting
a0e950640c18: Waiting
a9a5870ff9a4: Waiting
412af1280c06: Waiting
a6982ba68e50: Waiting
5406915e5db7: Waiting
3decb70d4f29: Waiting
f8ae1ee6f604: Waiting
02af47f3e583: Waiting
25866ceeabb1: Waiting
fee0e733d114: Waiting
281b9d79c321: Waiting
b858f1c73723: Waiting
7a62fc56df7f: Waiting
4504436f7f01: Waiting
a082acf46aff: Waiting
73259f9a32b6: Waiting
a9a5870ff9a4: Waiting
412af1280c06: Waiting
a6982ba68e50: Waiting
5406915e5db7: Waiting
3decb70d4f29: Waiting
f8ae1ee6f604: Waiting
02af47f3e583: Waiting
25866ceeabb1: Waiting
fee0e733d114: Waiting
281b9d79c321: Waiting
b858f1c73723: Waiting
7a62fc56df7f: Waiting
4504436f7f01: Waiting
a082acf46aff: Waiting
73259f9a32b6: Waiting
58b91829e423: Waiting
e7babf446d08: Waiting
7d09f694d785: Waiting
079b91bed114: Waiting
325baf1a37db: Waiting
714603df803c: Waiting
d419e7325cbc: Waiting
a0e950640c18: Waiting
3decb70d4f29: Waiting
f8ae1ee6f604: Waiting
02af47f3e583: Waiting
25866ceeabb1: Waiting
fee0e733d114: Waiting
281b9d79c321: Waiting
b858f1c73723: Waiting
7a62fc56df7f: Waiting
4504436f7f01: Waiting
a082acf46aff: Waiting
73259f9a32b6: Waiting
58b91829e423: Waiting
e7babf446d08: Waiting
7d09f694d785: Waiting
079b91bed114: Waiting
325baf1a37db: Waiting
714603df803c: Waiting
d419e7325cbc: Waiting
a0e950640c18: Waiting
a9a5870ff9a4: Waiting
412af1280c06: Waiting
a6982ba68e50: Waiting
5406915e5db7: Waiting
a9a5870ff9a4: Waiting
412af1280c06: Waiting
a6982ba68e50: Waiting
5406915e5db7: Waiting
3decb70d4f29: Waiting
f8ae1ee6f604: Waiting
02af47f3e583: Waiting
25866ceeabb1: Waiting
fee0e733d114: Waiting
281b9d79c321: Waiting
b858f1c73723: Waiting
7a62fc56df7f: Waiting
4504436f7f01: Waiting
a082acf46aff: Waiting
73259f9a32b6: Waiting
58b91829e423: Waiting
e7babf446d08: Waiting
7d09f694d785: Waiting
079b91bed114: Waiting
325baf1a37db: Waiting
714603df803c: Waiting
d419e7325cbc: Waiting
a0e950640c18: Waiting
325baf1a37db: Waiting
714603df803c: Waiting
d419e7325cbc: Waiting
a0e950640c18: Waiting
a9a5870ff9a4: Waiting
412af1280c06: Waiting
a6982ba68e50: Waiting
5406915e5db7: Waiting
3decb70d4f29: Waiting
f8ae1ee6f604: Waiting
02af47f3e583: Waiting
25866ceeabb1: Waiting
fee0e733d114: Waiting
281b9d79c321: Waiting
b858f1c73723: Waiting
7a62fc56df7f: Waiting
4504436f7f01: Waiting
a082acf46aff: Waiting
73259f9a32b6: Waiting
58b91829e423: Waiting
e7babf446d08: Waiting
7d09f694d785: Waiting
079b91bed114: Waiting
714603df803c: Waiting
d419e7325cbc: Waiting
a0e950640c18: Waiting
a9a5870ff9a4: Waiting
412af1280c06: Waiting
a6982ba68e50: Waiting
5406915e5db7: Waiting
3decb70d4f29: Waiting
f8ae1ee6f604: Waiting
02af47f3e583: Waiting
25866ceeabb1: Waiting
fee0e733d114: Waiting
281b9d79c321: Waiting
b858f1c73723: Waiting
7a62fc56df7f: Waiting
4504436f7f01: Waiting
a082acf46aff: Waiting
73259f9a32b6: Waiting
58b91829e423: Waiting
e7babf446d08: Waiting
7d09f694d785: Waiting
079b91bed114: Waiting
325baf1a37db: Waiting
4504436f7f01: Waiting
a082acf46aff: Waiting
73259f9a32b6: Waiting
58b91829e423: Waiting
e7babf446d08: Waiting
7d09f694d785: Waiting
079b91bed114: Waiting
325baf1a37db: Waiting
714603df803c: Waiting
d419e7325cbc: Waiting
a0e950640c18: Waiting
a9a5870ff9a4: Waiting
412af1280c06: Waiting
a6982ba68e50: Waiting
5406915e5db7: Waiting
3decb70d4f29: Waiting
f8ae1ee6f604: Waiting
02af47f3e583: Waiting
25866ceeabb1: Waiting
fee0e733d114: Waiting
281b9d79c321: Waiting
b858f1c73723: Waiting
7a62fc56df7f: Waiting
a082acf46aff: Waiting
73259f9a32b6: Waiting
58b91829e423: Waiting
e7babf446d08: Waiting
7d09f694d785: Waiting
079b91bed114: Waiting
325baf1a37db: Waiting
714603df803c: Waiting
d419e7325cbc: Waiting
a0e950640c18: Waiting
a9a5870ff9a4: Waiting
412af1280c06: Waiting
a6982ba68e50: Waiting
5406915e5db7: Waiting
3decb70d4f29: Waiting
f8ae1ee6f604: Waiting
02af47f3e583: Waiting
25866ceeabb1: Waiting
fee0e733d114: Waiting
281b9d79c321: Waiting
b858f1c73723: Waiting
7a62fc56df7f: Waiting
4504436f7f01: Waiting
25866ceeabb1: Waiting
fee0e733d114: Waiting
281b9d79c321: Waiting
b858f1c73723: Waiting
7a62fc56df7f: Waiting
4504436f7f01: Waiting
a082acf46aff: Waiting
73259f9a32b6: Waiting
58b91829e423: Waiting
e7babf446d08: Waiting
7d09f694d785: Waiting
079b91bed114: Waiting
325baf1a37db: Waiting
714603df803c: Waiting
d419e7325cbc: Waiting
a0e950640c18: Waiting
a9a5870ff9a4: Waiting
412af1280c06: Waiting
a6982ba68e50: Waiting
5406915e5db7: Waiting
3decb70d4f29: Waiting
f8ae1ee6f604: Waiting
02af47f3e583: Waiting
079b91bed114: Waiting
325baf1a37db: Waiting
714603df803c: Waiting
d419e7325cbc: Waiting
a0e950640c18: Waiting
a9a5870ff9a4: Waiting
412af1280c06: Waiting
a6982ba68e50: Waiting
5406915e5db7: Waiting
3decb70d4f29: Waiting
f8ae1ee6f604: Waiting
02af47f3e583: Waiting
25866ceeabb1: Waiting
fee0e733d114: Waiting
281b9d79c321: Waiting
b858f1c73723: Waiting
7a62fc56df7f: Waiting
4504436f7f01: Waiting
a082acf46aff: Waiting
73259f9a32b6: Waiting
58b91829e423: Waiting
e7babf446d08: Waiting
7d09f694d785: Waiting
412af1280c06: Waiting
a6982ba68e50: Waiting
5406915e5db7: Waiting
3decb70d4f29: Waiting
f8ae1ee6f604: Waiting
02af47f3e583: Waiting
25866ceeabb1: Waiting
fee0e733d114: Waiting
281b9d79c321: Waiting
b858f1c73723: Waiting
7a62fc56df7f: Waiting
4504436f7f01: Waiting
a082acf46aff: Waiting
73259f9a32b6: Waiting
58b91829e423: Waiting
e7babf446d08: Waiting
7d09f694d785: Waiting
079b91bed114: Waiting
325baf1a37db: Waiting
714603df803c: Waiting
d419e7325cbc: Waiting
a0e950640c18: Waiting
a9a5870ff9a4: Waiting
281b9d79c321: Waiting
b858f1c73723: Waiting
7a62fc56df7f: Waiting
4504436f7f01: Waiting
a082acf46aff: Waiting
73259f9a32b6: Waiting
58b91829e423: Waiting
e7babf446d08: Waiting
7d09f694d785: Waiting
079b91bed114: Waiting
325baf1a37db: Waiting
714603df803c: Waiting
d419e7325cbc: Waiting
a0e950640c18: Waiting
a9a5870ff9a4: Waiting
412af1280c06: Waiting
a6982ba68e50: Waiting
5406915e5db7: Waiting
3decb70d4f29: Waiting
f8ae1ee6f604: Waiting
02af47f3e583: Waiting
25866ceeabb1: Waiting
fee0e733d114: Waiting
58b91829e423: Waiting
e7babf446d08: Waiting
7d09f694d785: Waiting
079b91bed114: Waiting
325baf1a37db: Waiting
714603df803c: Waiting
d419e7325cbc: Waiting
a0e950640c18: Waiting
a9a5870ff9a4: Waiting
412af1280c06: Waiting
a6982ba68e50: Waiting
5406915e5db7: Waiting
3decb70d4f29: Waiting
f8ae1ee6f604: Waiting
02af47f3e583: Waiting
25866ceeabb1: Waiting
fee0e733d114: Waiting
281b9d79c321: Waiting
b858f1c73723: Waiting
7a62fc56df7f: Waiting
4504436f7f01: Waiting
a082acf46aff: Waiting
73259f9a32b6: Waiting
fee0e733d114: Waiting
281b9d79c321: Waiting
b858f1c73723: Waiting
7a62fc56df7f: Waiting
4504436f7f01: Waiting
a082acf46aff: Waiting
73259f9a32b6: Waiting
58b91829e423: Waiting
e7babf446d08: Waiting
7d09f694d785: Waiting
079b91bed114: Waiting
325baf1a37db: Waiting
714603df803c: Waiting
d419e7325cbc: Waiting
a0e950640c18: Waiting
a9a5870ff9a4: Waiting
412af1280c06: Waiting
a6982ba68e50: Waiting
5406915e5db7: Waiting
3decb70d4f29: Waiting
f8ae1ee6f604: Waiting
02af47f3e583: Waiting
25866ceeabb1: Waiting
b858f1c73723: Waiting
7a62fc56df7f: Waiting
4504436f7f01: Waiting
a082acf46aff: Waiting
73259f9a32b6: Waiting
58b91829e423: Waiting
e7babf446d08: Waiting
7d09f694d785: Waiting
079b91bed114: Waiting
325baf1a37db: Layer already exists
714603df803c: Waiting
d419e7325cbc: Waiting
a0e950640c18: Waiting
a9a5870ff9a4: Waiting
412af1280c06: Waiting
a6982ba68e50: Waiting
5406915e5db7: Waiting
3decb70d4f29: Waiting
f8ae1ee6f604: Waiting
02af47f3e583: Waiting
25866ceeabb1: Waiting
fee0e733d114: Waiting
281b9d79c321: Waiting
079b91bed114: Waiting
714603df803c: Waiting
d419e7325cbc: Waiting
a0e950640c18: Waiting
a9a5870ff9a4: Waiting
412af1280c06: Waiting
a6982ba68e50: Waiting
5406915e5db7: Waiting
3decb70d4f29: Waiting
f8ae1ee6f604: Waiting
02af47f3e583: Waiting
25866ceeabb1: Waiting
fee0e733d114: Waiting
281b9d79c321: Waiting
b858f1c73723: Waiting
7a62fc56df7f: Waiting
4504436f7f01: Waiting
a082acf46aff: Waiting
73259f9a32b6: Waiting
58b91829e423: Waiting
e7babf446d08: Waiting
7d09f694d785: Waiting
079b91bed114: Waiting
714603df803c: Waiting
d419e7325cbc: Waiting
a0e950640c18: Waiting
a9a5870ff9a4: Waiting
412af1280c06: Waiting
a6982ba68e50: Waiting
5406915e5db7: Waiting
3decb70d4f29: Waiting
f8ae1ee6f604: Waiting
02af47f3e583: Waiting
25866ceeabb1: Waiting
fee0e733d114: Waiting
281b9d79c321: Waiting
b858f1c73723: Waiting
7a62fc56df7f: Waiting
4504436f7f01: Waiting
a082acf46aff: Waiting
73259f9a32b6: Waiting
58b91829e423: Waiting
e7babf446d08: Waiting
7d09f694d785: Waiting
fee0e733d114: Layer already exists
281b9d79c321: Waiting
b858f1c73723: Waiting
7a62fc56df7f: Waiting
4504436f7f01: Waiting
a082acf46aff: Layer already exists
73259f9a32b6: Waiting
58b91829e423: Layer already exists
e7babf446d08: Waiting
7d09f694d785: Waiting
079b91bed114: Waiting
714603df803c: Layer already exists
d419e7325cbc: Waiting
a0e950640c18: Layer already exists
a9a5870ff9a4: Waiting
412af1280c06: Waiting
a6982ba68e50: Waiting
5406915e5db7: Waiting
3decb70d4f29: Waiting
f8ae1ee6f604: Layer already exists
02af47f3e583: Waiting
25866ceeabb1: Layer already exists
079b91bed114: Layer already exists
d419e7325cbc: Waiting
a9a5870ff9a4: Waiting
412af1280c06: Waiting
a6982ba68e50: Layer already exists
5406915e5db7: Waiting
3decb70d4f29: Layer already exists
02af47f3e583: Layer already exists
281b9d79c321: Waiting
b858f1c73723: Waiting
4504436f7f01: Layer already exists
73259f9a32b6: Layer already exists
e7babf446d08: Layer already exists
7d09f694d785: Waiting
281b9d79c321: Waiting
b858f1c73723: Layer already exists
a9a5870ff9a4: Layer already exists
412af1280c06: Waiting
412af1280c06: Waiting
5406915e5db7: Pushed
281b9d79c321: Pushed
412af1280c06: Pushed
7d09f694d785: Pushed
d419e7325cbc: Pushed
7a62fc56df7f: Pushed
sonar-14c6508: digest: sha256:5c01ce38d46bd08b9a38b0f7fd1acf6d73f268e1107cc95e767636da21b93391 size: 856
