Acquiring state lock. This may take a few moments...
[0m[1mrandom_password.cicd_tunnel_secret: Refreshing state... [id=none][0m
[0m[1mdata.azuread_client_config.current: Reading...[0m[0m
[0m[1mdata.azuread_client_config.current: Read complete after 0s [id=af9e95b7-e99f-4ec1-9b02-429ffdc27b4e-04b07795-8ddb-461a-bbee-02f9e1bf7b46-3cebe077-64e5-49e1-95b9-19c58842d030][0m
[0m[1mazuread_application.cloudflare_access: Refreshing state... [id=/applications/6f658e92-b82a-4655-9a32-7ccd2750c8a1][0m
[0m[1mazuread_application_password.cloudflare_access: Refreshing state... [id=6f658e92-b82a-4655-9a32-7ccd2750c8a1/password/46b2a6b0-917d-47c0-b9a8-3dc54087a510][0m
[0m[1mdata.azurerm_key_vault.main: Reading...[0m[0m
[0m[1mdata.azurerm_key_vault.main: Read complete after 1s [id=/subscriptions/7047239e-8819-4015-9344-5a7481a9439b/resourceGroups/mithril-rg-platform/providers/Microsoft.KeyVault/vaults/mithril-shared-kv][0m
[0m[1mdata.azurerm_key_vault_secret.cloudflare_api_token: Reading...[0m[0m
[0m[1mdata.azurerm_key_vault_secret.github_oauth_client_secret[0]: Reading...[0m[0m
[0m[1mdata.azurerm_key_vault_secret.github_oauth_client_secret[0]: Read complete after 4s [id=https://mithril-shared-kv.vault.azure.net/secrets/github-oauth-app-client-secret/a638cf95df0a4e55bdbccf387d76d3f4][0m
[0m[1mdata.azurerm_key_vault_secret.cloudflare_api_token: Read complete after 4s [id=https://mithril-shared-kv.vault.azure.net/secrets/cloudflare-api-token/3b44ce5f9a364ac58930dcceb79ab3c0][0m
[0m[1mcloudflare_zero_trust_tunnel_cloudflared.cicd: Refreshing state... [id=05426956-a683-4c1e-b9c6-0eadb23cf91f][0m
[0m[1mcloudflare_zero_trust_access_identity_provider.github[0]: Refreshing state... [id=74c45b41-408f-4c83-ae73-2a3553f3eb5c][0m
[0m[1mcloudflare_zero_trust_access_identity_provider.azure_ad[0]: Refreshing state... [id=772a08a9-6533-4334-a078-bac63746b37f][0m
[0m[1mcloudflare_zero_trust_device_posture_rule.warp_client[0]: Refreshing state... [id=57d985c1-011f-434a-aac3-ec6fcb58fe75][0m
[0m[1mcloudflare_zero_trust_tunnel_cloudflared_config.cicd: Refreshing state... [id=05426956-a683-4c1e-b9c6-0eadb23cf91f][0m

Terraform used the selected providers to generate the following execution
plan. Resource actions are indicated with the following symbols:
  [32m+[0m create[0m
  [33m~[0m update in-place[0m

Terraform will perform the following actions:

[1m  # cloudflare_record.cicd_tunnel_ingress["sonarqube.takamul.cc"][0m will be created
[0m  [32m+[0m[0m resource "cloudflare_record" "cicd_tunnel_ingress" {
      [32m+[0m[0m allow_overwrite = false
      [32m+[0m[0m content         = "05426956-a683-4c1e-b9c6-0eadb23cf91f.cfargotunnel.com"
      [32m+[0m[0m created_on      = (known after apply)
      [32m+[0m[0m hostname        = (known after apply)
      [32m+[0m[0m id              = (known after apply)
      [32m+[0m[0m metadata        = (known after apply)
      [32m+[0m[0m modified_on     = (known after apply)
      [32m+[0m[0m name            = "sonarqube.takamul.cc"
      [32m+[0m[0m proxiable       = (known after apply)
      [32m+[0m[0m proxied         = true
      [32m+[0m[0m ttl             = 1
      [32m+[0m[0m type            = "CNAME"
      [32m+[0m[0m value           = (known after apply)
      [32m+[0m[0m zone_id         = "fa81bb8ff0f869b10bdd665b4a3ccc35"
    }

[1m  # cloudflare_zero_trust_access_application.cicd["sonarqube.takamul.cc"][0m will be created
[0m  [32m+[0m[0m resource "cloudflare_zero_trust_access_application" "cicd" {
      [32m+[0m[0m account_id                   = "caa0be9e0dfcbcdf5ed20be838963bb8"
      [32m+[0m[0m allowed_idps                 = [
          [32m+[0m[0m "74c45b41-408f-4c83-ae73-2a3553f3eb5c",
          [32m+[0m[0m "772a08a9-6533-4334-a078-bac63746b37f",
        ]
      [32m+[0m[0m app_launcher_visible         = true
      [32m+[0m[0m aud                          = (known after apply)
      [32m+[0m[0m auto_redirect_to_identity    = false
      [32m+[0m[0m domain                       = "sonarqube.takamul.cc"
      [32m+[0m[0m domain_type                  = (known after apply)
      [32m+[0m[0m enable_binding_cookie        = false
      [32m+[0m[0m id                           = (known after apply)
      [32m+[0m[0m name                         = "eng-infra-cicd-sonarqube"
      [32m+[0m[0m options_preflight_bypass     = false
      [32m+[0m[0m service_auth_401_redirect    = false
      [32m+[0m[0m session_duration             = "24h"
      [32m+[0m[0m skip_app_launcher_login_page = false
      [32m+[0m[0m skip_interstitial            = false
      [32m+[0m[0m type                         = "self_hosted"
      [32m+[0m[0m zone_id                      = (known after apply)
    }

[1m  # cloudflare_zero_trust_access_policy.cicd["sonarqube.takamul.cc"][0m will be created
[0m  [32m+[0m[0m resource "cloudflare_zero_trust_access_policy" "cicd" {
      [32m+[0m[0m account_id     = "caa0be9e0dfcbcdf5ed20be838963bb8"
      [32m+[0m[0m application_id = (known after apply)
      [32m+[0m[0m decision       = "allow"
      [32m+[0m[0m id             = (known after apply)
      [32m+[0m[0m name           = "Allow @takamul.ai users"
      [32m+[0m[0m precedence     = 1

      [32m+[0m[0m include {
          [32m+[0m[0m email_domain = [
              [32m+[0m[0m "takamul.ai",
            ]
        }

      [32m+[0m[0m require {
          [32m+[0m[0m device_posture = [
              [32m+[0m[0m "57d985c1-011f-434a-aac3-ec6fcb58fe75",
            ]
        }
    }

[1m  # cloudflare_zero_trust_device_posture_rule.warp_client[0][0m will be updated in-place
[0m  [33m~[0m[0m resource "cloudflare_zero_trust_device_posture_rule" "warp_client" {
      [32m+[0m[0m description = "Require WARP client to be running and connected"
        id          = "57d985c1-011f-434a-aac3-ec6fcb58fe75"
        name        = "WARP Client Required"
        [90m# (4 unchanged attributes hidden)[0m[0m

      [32m+[0m[0m match {
          [32m+[0m[0m platform = "mac"
        }
      [32m+[0m[0m match {
          [32m+[0m[0m platform = "windows"
        }
      [32m+[0m[0m match {
          [32m+[0m[0m platform = "linux"
        }

        [90m# (1 unchanged block hidden)[0m[0m
    }

[1m  # cloudflare_zero_trust_tunnel_cloudflared_config.cicd[0m will be updated in-place
[0m  [33m~[0m[0m resource "cloudflare_zero_trust_tunnel_cloudflared_config" "cicd" {
        id         = "05426956-a683-4c1e-b9c6-0eadb23cf91f"
        [90m# (2 unchanged attributes hidden)[0m[0m

      [33m~[0m[0m config {
          [33m~[0m[0m ingress_rule {
              [32m+[0m[0m hostname = "sonarqube.takamul.cc"
              [33m~[0m[0m service  = "http_status:404" [33m->[0m[0m "http://sonarqube-sonarqube.cicd.svc:9000"
                [90m# (1 unchanged attribute hidden)[0m[0m

              [32m+[0m[0m origin_request {
                  [32m+[0m[0m connect_timeout          = "30s"
                  [32m+[0m[0m disable_chunked_encoding = false
                  [32m+[0m[0m http2_origin             = false
                  [32m+[0m[0m keep_alive_connections   = 100
                  [32m+[0m[0m keep_alive_timeout       = "1m30s"
                  [32m+[0m[0m no_happy_eyeballs        = false
                  [32m+[0m[0m no_tls_verify            = true
                  [32m+[0m[0m proxy_address            = "127.0.0.1"
                  [32m+[0m[0m proxy_port               = 0
                  [32m+[0m[0m tcp_keep_alive           = "30s"
                  [32m+[0m[0m tls_timeout              = "10s"
                }
            }
          [32m+[0m[0m ingress_rule {
              [32m+[0m[0m service = "http_status:404"
            }

            [90m# (2 unchanged blocks hidden)[0m[0m
        }
    }

[1mPlan:[0m [0m3 to add, 2 to change, 0 to destroy.
[0m[1mcloudflare_record.cicd_tunnel_ingress["sonarqube.takamul.cc"]: Creating...[0m[0m
[0m[1mcloudflare_zero_trust_access_application.cicd["sonarqube.takamul.cc"]: Creating...[0m[0m
[0m[1mcloudflare_zero_trust_device_posture_rule.warp_client[0]: Modifying... [id=57d985c1-011f-434a-aac3-ec6fcb58fe75][0m[0m
[0m[1mcloudflare_zero_trust_tunnel_cloudflared_config.cicd: Modifying... [id=05426956-a683-4c1e-b9c6-0eadb23cf91f][0m[0m
[0m[1mcloudflare_record.cicd_tunnel_ingress["sonarqube.takamul.cc"]: Creation complete after 1s [id=1dd8c8c6ff090a676472123e79601597][0m
[0m[1mcloudflare_zero_trust_device_posture_rule.warp_client[0]: Modifications complete after 2s [id=57d985c1-011f-434a-aac3-ec6fcb58fe75][0m
[0m[1mcloudflare_zero_trust_access_application.cicd["sonarqube.takamul.cc"]: Creation complete after 3s [id=53093fa0-6577-4da4-b7fe-3f6a00a590ec][0m
[0m[1mcloudflare_zero_trust_access_policy.cicd["sonarqube.takamul.cc"]: Creating...[0m[0m
[0m[1mcloudflare_zero_trust_tunnel_cloudflared_config.cicd: Modifications complete after 3s [id=05426956-a683-4c1e-b9c6-0eadb23cf91f][0m
[0m[1mcloudflare_zero_trust_access_policy.cicd["sonarqube.takamul.cc"]: Creation complete after 1s [id=fcc036c8-9d6e-43ec-89f2-30659556761f][0m
[33m╷[0m[0m
[33m│[0m [0m[1m[33mWarning: [0m[0m[1mResource targeting is in effect[0m
[33m│[0m [0m
[33m│[0m [0m[0mYou are creating a plan with the -target option, which means that the
[33m│[0m [0mresult of this plan may not represent all of the changes requested by the
[33m│[0m [0mcurrent configuration.
[33m│[0m [0m
[33m│[0m [0mThe -target option is not for routine use, and is provided only for
[33m│[0m [0mexceptional situations such as recovering from errors or mistakes, or when
[33m│[0m [0mTerraform specifically suggests to use it as part of an error message.
[33m╵[0m[0m
[33m╷[0m[0m
[33m│[0m [0m[1m[33mWarning: [0m[0m[1mApplied changes may be incomplete[0m
[33m│[0m [0m
[33m│[0m [0m[0mThe plan was created with the -target option in effect, so some changes
[33m│[0m [0mrequested in the configuration may have been ignored and the output values
[33m│[0m [0mmay not be fully updated. Run the following command to verify that no other
[33m│[0m [0mchanges are pending:
[33m│[0m [0m    terraform plan
[33m│[0m [0m
[33m│[0m [0mNote that the -target option is not suitable for routine use, and is
[33m│[0m [0mprovided only for exceptional situations such as recovering from errors or
[33m│[0m [0mmistakes, or when Terraform specifically suggests to use it as part of an
[33m│[0m [0merror message.
[33m╵[0m[0m
Releasing state lock. This may take a few moments...
[0m[1m[32m
Apply complete! Resources: 3 added, 2 changed, 0 destroyed.[0m
[0m[1m[32m
Outputs:

[0mazure_ad_app_client_id = "5d210e4c-39a9-4de5-9921-7699f0dbabcc"
cicd_tunnel_id = "05426956-a683-4c1e-b9c6-0eadb23cf91f"
cicd_tunnel_name = "eng-infra-cicd"
cicd_tunnel_token = <sensitive>
cloudflare_azure_ad_idp_id = "772a08a9-6533-4334-a078-bac63746b37f"
cloudflare_github_idp_id = "74c45b41-408f-4c83-ae73-2a3553f3eb5c"
github_actions_cf_access_client_id = "f53a06188b297d6d8e7ef84fdd00c515.access"
github_actions_cf_access_client_secret = <sensitive>
ingress_hostnames = [
  "okd-console.takamul.cc",
  "keycloak.takamul.cc",
  "grafana.takamul.cc",
  "kafka-ui.takamul.cc",
  "vault.takamul.cc",
  "adminer.takamul.cc",
  "mithril-dev-backend.takamul.cc",
  "mithril-dev-portal.takamul.cc",
  "mithril-qa-backend.takamul.cc",
  "mithril-qa-portal.takamul.cc",
  "mithril-demo-backend.takamul.cc",
  "mithril-demo-portal.takamul.cc",
  "mithril-staging-backend.takamul.cc",
  "mithril-staging-portal.takamul.cc",
]
jenkins_saml_entity_id = "a54b5feb-91aa-463c-a46d-25a2551e1f0b"
jenkins_saml_metadata_url = "https://login.microsoftonline.com/af9e95b7-e99f-4ec1-9b02-429ffdc27b4e/federationmetadata/2007-06/federationmetadata.xml?appid=a54b5feb-91aa-463c-a46d-25a2551e1f0b"
jisr_tunnel_id = "36566ad8-5ae4-48a7-8c42-6ffe7531088b"
jisr_tunnel_name = "jisr-demo"
jisr_tunnel_token = <sensitive>
perf_tunnel_id = "993e09e3-e9e3-4be3-bc16-eee890ad3826"
perf_tunnel_name = "perf-okd"
perf_tunnel_token = <sensitive>
silmarils_tunnel_id = "3562f5bf-95b4-445d-980b-9c92da517c4c"
silmarils_tunnel_name = "silmarils-dev"
silmarils_tunnel_token = <sensitive>
tunnel_id = "9ca7823f-2ea9-404c-bec7-8eea63a51098"
tunnel_name = "eng-infra-azure"
tunnel_token = <sensitive>
warp_device_posture_rule_id = "57d985c1-011f-434a-aac3-ec6fcb58fe75"
