[1;34m>>>[0m Generating /Users/mohd.tahir/DevWorkspace/eng-infra/cicd/ansible/temp/cloud-vars.yml
[1;34m>>>[0m Generated vars file with 15 variables
[1;34m>>>[0m Running: playbooks/01-jenkins.yml
[1;35m[WARNING]: Unable to parse /Users/mohd.tahir/DevWorkspace/eng-infra/cicd/ansible/inventory as an inventory source[0m
[1;35m[WARNING]: No inventory was parsed, only implicit localhost is available[0m
[1;35m[WARNING]: provided hosts list is empty, only localhost is available. Note that the implicit localhost does not match 'all'[0m

PLAY [Deploy Jenkins to CICD AKS] **********************************************

TASK [Create cicd namespace] ***************************************************
Thursday 07 May 2026  12:47:43 +0400 (0:00:00.014)       0:00:00.014 ********** 
[0;32mok: [localhost][0m

TASK [Initialize CICD secrets] *************************************************
Thursday 07 May 2026  12:47:45 +0400 (0:00:02.757)       0:00:02.772 ********** 
[1;35m[WARNING]: Encountered 1 template error.[0m
[1;35merror 1 - 'item' is undefined[0m
[1;35mOrigin: /Users/mohd.tahir/DevWorkspace/eng-infra/cicd/ansible/playbooks/01-jenkins.yml:43:13[0m
[1;35m[0m
[1;35m41         _cicd_secrets: {}[0m
[1;35m42[0m
[1;35m43     - name: "Fetch {{ item.key }} from credential store"[0m
[1;35m               ^ column 13[0m
[1;35m[0m
[0;32mok: [localhost][0m

TASK [Fetch << error 1 - 'item' is undefined >> from credential store] *********
Thursday 07 May 2026  12:47:45 +0400 (0:00:00.013)       0:00:02.785 ********** 
[0;36mincluded: /Users/mohd.tahir/DevWorkspace/eng-infra/cicd/ansible/playbooks/inc/fetch-and-store-secret.yaml for localhost => (item=github_ssh_key)[0m
[0;36mincluded: /Users/mohd.tahir/DevWorkspace/eng-infra/cicd/ansible/playbooks/inc/fetch-and-store-secret.yaml for localhost => (item=browserstack_username)[0m
[0;36mincluded: /Users/mohd.tahir/DevWorkspace/eng-infra/cicd/ansible/playbooks/inc/fetch-and-store-secret.yaml for localhost => (item=browserstack_access_key)[0m
[0;36mincluded: /Users/mohd.tahir/DevWorkspace/eng-infra/cicd/ansible/playbooks/inc/fetch-and-store-secret.yaml for localhost => (item=asc_key_id)[0m
[0;36mincluded: /Users/mohd.tahir/DevWorkspace/eng-infra/cicd/ansible/playbooks/inc/fetch-and-store-secret.yaml for localhost => (item=asc_issuer_id)[0m
[0;36mincluded: /Users/mohd.tahir/DevWorkspace/eng-infra/cicd/ansible/playbooks/inc/fetch-and-store-secret.yaml for localhost => (item=asc_key_content)[0m
[0;36mincluded: /Users/mohd.tahir/DevWorkspace/eng-infra/cicd/ansible/playbooks/inc/fetch-and-store-secret.yaml for localhost => (item=sonarqube_token)[0m
[0;36mincluded: /Users/mohd.tahir/DevWorkspace/eng-infra/cicd/ansible/playbooks/inc/fetch-and-store-secret.yaml for localhost => (item=okd_deployer_token)[0m
[0;36mincluded: /Users/mohd.tahir/DevWorkspace/eng-infra/cicd/ansible/playbooks/inc/fetch-and-store-secret.yaml for localhost => (item=sonarqube_admin_password)[0m
[0;36mincluded: /Users/mohd.tahir/DevWorkspace/eng-infra/cicd/ansible/playbooks/inc/fetch-and-store-secret.yaml for localhost => (item=sonarqube_current_admin_password)[0m
[0;36mincluded: /Users/mohd.tahir/DevWorkspace/eng-infra/cicd/ansible/playbooks/inc/fetch-and-store-secret.yaml for localhost => (item=sonarqube_db_password)[0m
[0;36mincluded: /Users/mohd.tahir/DevWorkspace/eng-infra/cicd/ansible/playbooks/inc/fetch-and-store-secret.yaml for localhost => (item=sonarqube_monitoring_passcode)[0m
[0;36mincluded: /Users/mohd.tahir/DevWorkspace/eng-infra/cicd/ansible/playbooks/inc/fetch-and-store-secret.yaml for localhost => (item=sonarqube_saml_cert)[0m

TASK [ansible.builtin.include_tasks] *******************************************
Thursday 07 May 2026  12:47:46 +0400 (0:00:00.060)       0:00:02.846 ********** 
[0;36mincluded: /Users/mohd.tahir/DevWorkspace/eng-infra/cicd/ansible/playbooks/credential-stores-get-secret.yaml for localhost[0m

TASK [Reset credential store result] *******************************************
Thursday 07 May 2026  12:47:46 +0400 (0:00:00.013)       0:00:02.860 ********** 
[0;32mok: [localhost][0m

TASK [Fetch cicd-github-ssh-key from Azure Key Vault] **************************
Thursday 07 May 2026  12:47:46 +0400 (0:00:00.012)       0:00:02.872 ********** 
[0;36mincluded: /Users/mohd.tahir/DevWorkspace/eng-infra/cicd/ansible/playbooks/inc/credential-stores/azure_kv/get-secret.yaml for localhost[0m

TASK [Get cicd-github-ssh-key from Azure Key Vault] ****************************
Thursday 07 May 2026  12:47:46 +0400 (0:00:00.026)       0:00:02.898 ********** 
[0;32mok: [localhost][0m

TASK [set_fact] ****************************************************************
Thursday 07 May 2026  12:47:48 +0400 (0:00:02.689)       0:00:05.588 ********** 
[0;32mok: [localhost][0m

TASK [Console store — skip read (write-only)] **********************************
Thursday 07 May 2026  12:47:48 +0400 (0:00:00.022)       0:00:05.610 ********** 
[0;36mskipping: [localhost][0m

TASK [set_fact] ****************************************************************
Thursday 07 May 2026  12:47:48 +0400 (0:00:00.017)       0:00:05.628 ********** 
[0;32mok: [localhost][0m

TASK [ansible.builtin.include_tasks] *******************************************
Thursday 07 May 2026  12:47:48 +0400 (0:00:00.020)       0:00:05.648 ********** 
[0;36mincluded: /Users/mohd.tahir/DevWorkspace/eng-infra/cicd/ansible/playbooks/credential-stores-get-secret.yaml for localhost[0m

TASK [Reset credential store result] *******************************************
Thursday 07 May 2026  12:47:48 +0400 (0:00:00.012)       0:00:05.661 ********** 
[0;32mok: [localhost][0m

TASK [Fetch cicd-browserstack-username from Azure Key Vault] *******************
Thursday 07 May 2026  12:47:48 +0400 (0:00:00.010)       0:00:05.671 ********** 
[0;36mincluded: /Users/mohd.tahir/DevWorkspace/eng-infra/cicd/ansible/playbooks/inc/credential-stores/azure_kv/get-secret.yaml for localhost[0m

TASK [Get cicd-browserstack-username from Azure Key Vault] *********************
Thursday 07 May 2026  12:47:48 +0400 (0:00:00.022)       0:00:05.694 ********** 
[0;32mok: [localhost][0m

TASK [set_fact] ****************************************************************
Thursday 07 May 2026  12:47:51 +0400 (0:00:03.063)       0:00:08.757 ********** 
[0;32mok: [localhost][0m

TASK [Console store — skip read (write-only)] **********************************
Thursday 07 May 2026  12:47:51 +0400 (0:00:00.021)       0:00:08.779 ********** 
[0;36mskipping: [localhost][0m

TASK [set_fact] ****************************************************************
Thursday 07 May 2026  12:47:51 +0400 (0:00:00.017)       0:00:08.796 ********** 
[0;32mok: [localhost][0m

TASK [ansible.builtin.include_tasks] *******************************************
Thursday 07 May 2026  12:47:51 +0400 (0:00:00.019)       0:00:08.816 ********** 
[0;36mincluded: /Users/mohd.tahir/DevWorkspace/eng-infra/cicd/ansible/playbooks/credential-stores-get-secret.yaml for localhost[0m

TASK [Reset credential store result] *******************************************
Thursday 07 May 2026  12:47:51 +0400 (0:00:00.012)       0:00:08.828 ********** 
[0;32mok: [localhost][0m

TASK [Fetch cicd-browserstack-access-key from Azure Key Vault] *****************
Thursday 07 May 2026  12:47:52 +0400 (0:00:00.010)       0:00:08.839 ********** 
[0;36mincluded: /Users/mohd.tahir/DevWorkspace/eng-infra/cicd/ansible/playbooks/inc/credential-stores/azure_kv/get-secret.yaml for localhost[0m

TASK [Get cicd-browserstack-access-key from Azure Key Vault] *******************
Thursday 07 May 2026  12:47:52 +0400 (0:00:00.022)       0:00:08.861 ********** 
[0;32mok: [localhost][0m

TASK [set_fact] ****************************************************************
Thursday 07 May 2026  12:47:54 +0400 (0:00:02.827)       0:00:11.689 ********** 
[0;32mok: [localhost][0m

TASK [Console store — skip read (write-only)] **********************************
Thursday 07 May 2026  12:47:54 +0400 (0:00:00.021)       0:00:11.711 ********** 
[0;36mskipping: [localhost][0m

TASK [set_fact] ****************************************************************
Thursday 07 May 2026  12:47:54 +0400 (0:00:00.018)       0:00:11.729 ********** 
[0;32mok: [localhost][0m

TASK [ansible.builtin.include_tasks] *******************************************
Thursday 07 May 2026  12:47:54 +0400 (0:00:00.019)       0:00:11.748 ********** 
[0;36mincluded: /Users/mohd.tahir/DevWorkspace/eng-infra/cicd/ansible/playbooks/credential-stores-get-secret.yaml for localhost[0m

TASK [Reset credential store result] *******************************************
Thursday 07 May 2026  12:47:54 +0400 (0:00:00.012)       0:00:11.760 ********** 
[0;32mok: [localhost][0m

TASK [Fetch cicd-asc-key-id from Azure Key Vault] ******************************
Thursday 07 May 2026  12:47:54 +0400 (0:00:00.010)       0:00:11.771 ********** 
[0;36mincluded: /Users/mohd.tahir/DevWorkspace/eng-infra/cicd/ansible/playbooks/inc/credential-stores/azure_kv/get-secret.yaml for localhost[0m

TASK [Get cicd-asc-key-id from Azure Key Vault] ********************************
Thursday 07 May 2026  12:47:54 +0400 (0:00:00.022)       0:00:11.794 ********** 
[0;32mok: [localhost][0m

TASK [set_fact] ****************************************************************
Thursday 07 May 2026  12:47:57 +0400 (0:00:03.010)       0:00:14.804 ********** 
[0;32mok: [localhost][0m

TASK [Console store — skip read (write-only)] **********************************
Thursday 07 May 2026  12:47:57 +0400 (0:00:00.021)       0:00:14.825 ********** 
[0;36mskipping: [localhost][0m

TASK [set_fact] ****************************************************************
Thursday 07 May 2026  12:47:58 +0400 (0:00:00.017)       0:00:14.843 ********** 
[0;32mok: [localhost][0m

TASK [ansible.builtin.include_tasks] *******************************************
Thursday 07 May 2026  12:47:58 +0400 (0:00:00.018)       0:00:14.862 ********** 
[0;36mincluded: /Users/mohd.tahir/DevWorkspace/eng-infra/cicd/ansible/playbooks/credential-stores-get-secret.yaml for localhost[0m

TASK [Reset credential store result] *******************************************
Thursday 07 May 2026  12:47:58 +0400 (0:00:00.011)       0:00:14.873 ********** 
[0;32mok: [localhost][0m

TASK [Fetch cicd-asc-issuer-id from Azure Key Vault] ***************************
Thursday 07 May 2026  12:47:58 +0400 (0:00:00.011)       0:00:14.885 ********** 
[0;36mincluded: /Users/mohd.tahir/DevWorkspace/eng-infra/cicd/ansible/playbooks/inc/credential-stores/azure_kv/get-secret.yaml for localhost[0m

TASK [Get cicd-asc-issuer-id from Azure Key Vault] *****************************
Thursday 07 May 2026  12:47:58 +0400 (0:00:00.022)       0:00:14.908 ********** 
[0;32mok: [localhost][0m

TASK [set_fact] ****************************************************************
Thursday 07 May 2026  12:48:00 +0400 (0:00:02.869)       0:00:17.778 ********** 
[0;32mok: [localhost][0m

TASK [Console store — skip read (write-only)] **********************************
Thursday 07 May 2026  12:48:00 +0400 (0:00:00.021)       0:00:17.800 ********** 
[0;36mskipping: [localhost][0m

TASK [set_fact] ****************************************************************
Thursday 07 May 2026  12:48:00 +0400 (0:00:00.018)       0:00:17.818 ********** 
[0;32mok: [localhost][0m

TASK [ansible.builtin.include_tasks] *******************************************
Thursday 07 May 2026  12:48:01 +0400 (0:00:00.021)       0:00:17.839 ********** 
[0;36mincluded: /Users/mohd.tahir/DevWorkspace/eng-infra/cicd/ansible/playbooks/credential-stores-get-secret.yaml for localhost[0m

TASK [Reset credential store result] *******************************************
Thursday 07 May 2026  12:48:01 +0400 (0:00:00.012)       0:00:17.852 ********** 
[0;32mok: [localhost][0m

TASK [Fetch cicd-asc-key-content from Azure Key Vault] *************************
Thursday 07 May 2026  12:48:01 +0400 (0:00:00.011)       0:00:17.863 ********** 
[0;36mincluded: /Users/mohd.tahir/DevWorkspace/eng-infra/cicd/ansible/playbooks/inc/credential-stores/azure_kv/get-secret.yaml for localhost[0m

TASK [Get cicd-asc-key-content from Azure Key Vault] ***************************
Thursday 07 May 2026  12:48:01 +0400 (0:00:00.023)       0:00:17.886 ********** 
[0;32mok: [localhost][0m

TASK [set_fact] ****************************************************************
Thursday 07 May 2026  12:48:03 +0400 (0:00:02.829)       0:00:20.715 ********** 
[0;32mok: [localhost][0m

TASK [Console store — skip read (write-only)] **********************************
Thursday 07 May 2026  12:48:03 +0400 (0:00:00.022)       0:00:20.737 ********** 
[0;36mskipping: [localhost][0m

TASK [set_fact] ****************************************************************
Thursday 07 May 2026  12:48:03 +0400 (0:00:00.017)       0:00:20.755 ********** 
[0;32mok: [localhost][0m

TASK [ansible.builtin.include_tasks] *******************************************
Thursday 07 May 2026  12:48:03 +0400 (0:00:00.019)       0:00:20.775 ********** 
[0;36mincluded: /Users/mohd.tahir/DevWorkspace/eng-infra/cicd/ansible/playbooks/credential-stores-get-secret.yaml for localhost[0m

TASK [Reset credential store result] *******************************************
Thursday 07 May 2026  12:48:03 +0400 (0:00:00.011)       0:00:20.787 ********** 
[0;32mok: [localhost][0m

TASK [Fetch cicd-sonarqube-token from Azure Key Vault] *************************
Thursday 07 May 2026  12:48:03 +0400 (0:00:00.010)       0:00:20.798 ********** 
[0;36mincluded: /Users/mohd.tahir/DevWorkspace/eng-infra/cicd/ansible/playbooks/inc/credential-stores/azure_kv/get-secret.yaml for localhost[0m

TASK [Get cicd-sonarqube-token from Azure Key Vault] ***************************
Thursday 07 May 2026  12:48:03 +0400 (0:00:00.022)       0:00:20.820 ********** 
[0;32mok: [localhost][0m

TASK [set_fact] ****************************************************************
Thursday 07 May 2026  12:48:06 +0400 (0:00:02.793)       0:00:23.614 ********** 
[0;32mok: [localhost][0m

TASK [Console store — skip read (write-only)] **********************************
Thursday 07 May 2026  12:48:06 +0400 (0:00:00.021)       0:00:23.636 ********** 
[0;36mskipping: [localhost][0m

TASK [set_fact] ****************************************************************
Thursday 07 May 2026  12:48:06 +0400 (0:00:00.017)       0:00:23.653 ********** 
[0;32mok: [localhost][0m

TASK [ansible.builtin.include_tasks] *******************************************
Thursday 07 May 2026  12:48:06 +0400 (0:00:00.019)       0:00:23.672 ********** 
[0;36mincluded: /Users/mohd.tahir/DevWorkspace/eng-infra/cicd/ansible/playbooks/credential-stores-get-secret.yaml for localhost[0m

TASK [Reset credential store result] *******************************************
Thursday 07 May 2026  12:48:06 +0400 (0:00:00.011)       0:00:23.684 ********** 
[0;32mok: [localhost][0m

TASK [Fetch cicd-okd-deployer-token from Azure Key Vault] **********************
Thursday 07 May 2026  12:48:06 +0400 (0:00:00.011)       0:00:23.695 ********** 
[0;36mincluded: /Users/mohd.tahir/DevWorkspace/eng-infra/cicd/ansible/playbooks/inc/credential-stores/azure_kv/get-secret.yaml for localhost[0m

TASK [Get cicd-okd-deployer-token from Azure Key Vault] ************************
Thursday 07 May 2026  12:48:06 +0400 (0:00:00.021)       0:00:23.717 ********** 
[0;32mok: [localhost][0m

TASK [set_fact] ****************************************************************
Thursday 07 May 2026  12:48:09 +0400 (0:00:02.860)       0:00:26.577 ********** 
[0;32mok: [localhost][0m

TASK [Console store — skip read (write-only)] **********************************
Thursday 07 May 2026  12:48:09 +0400 (0:00:00.021)       0:00:26.599 ********** 
[0;36mskipping: [localhost][0m

TASK [set_fact] ****************************************************************
Thursday 07 May 2026  12:48:09 +0400 (0:00:00.018)       0:00:26.618 ********** 
[0;32mok: [localhost][0m

TASK [ansible.builtin.include_tasks] *******************************************
Thursday 07 May 2026  12:48:09 +0400 (0:00:00.019)       0:00:26.638 ********** 
[0;36mincluded: /Users/mohd.tahir/DevWorkspace/eng-infra/cicd/ansible/playbooks/credential-stores-get-secret.yaml for localhost[0m

TASK [Reset credential store result] *******************************************
Thursday 07 May 2026  12:48:09 +0400 (0:00:00.011)       0:00:26.650 ********** 
[0;32mok: [localhost][0m

TASK [Fetch cicd-sonarqube-admin-password from Azure Key Vault] ****************
Thursday 07 May 2026  12:48:09 +0400 (0:00:00.010)       0:00:26.660 ********** 
[0;36mincluded: /Users/mohd.tahir/DevWorkspace/eng-infra/cicd/ansible/playbooks/inc/credential-stores/azure_kv/get-secret.yaml for localhost[0m

TASK [Get cicd-sonarqube-admin-password from Azure Key Vault] ******************
Thursday 07 May 2026  12:48:09 +0400 (0:00:00.022)       0:00:26.683 ********** 
[0;32mok: [localhost][0m

TASK [set_fact] ****************************************************************
Thursday 07 May 2026  12:48:12 +0400 (0:00:02.943)       0:00:29.627 ********** 
[0;32mok: [localhost][0m

TASK [Console store — skip read (write-only)] **********************************
Thursday 07 May 2026  12:48:12 +0400 (0:00:00.021)       0:00:29.648 ********** 
[0;36mskipping: [localhost][0m

TASK [set_fact] ****************************************************************
Thursday 07 May 2026  12:48:12 +0400 (0:00:00.017)       0:00:29.666 ********** 
[0;32mok: [localhost][0m

TASK [ansible.builtin.include_tasks] *******************************************
Thursday 07 May 2026  12:48:12 +0400 (0:00:00.018)       0:00:29.685 ********** 
[0;36mincluded: /Users/mohd.tahir/DevWorkspace/eng-infra/cicd/ansible/playbooks/credential-stores-get-secret.yaml for localhost[0m

TASK [Reset credential store result] *******************************************
Thursday 07 May 2026  12:48:12 +0400 (0:00:00.011)       0:00:29.696 ********** 
[0;32mok: [localhost][0m

TASK [Fetch cicd-sonarqube-current-admin-password from Azure Key Vault] ********
Thursday 07 May 2026  12:48:12 +0400 (0:00:00.010)       0:00:29.707 ********** 
[0;36mincluded: /Users/mohd.tahir/DevWorkspace/eng-infra/cicd/ansible/playbooks/inc/credential-stores/azure_kv/get-secret.yaml for localhost[0m

TASK [Get cicd-sonarqube-current-admin-password from Azure Key Vault] **********
Thursday 07 May 2026  12:48:12 +0400 (0:00:00.021)       0:00:29.729 ********** 
[0;32mok: [localhost][0m

TASK [set_fact] ****************************************************************
Thursday 07 May 2026  12:48:15 +0400 (0:00:02.929)       0:00:32.659 ********** 
[0;32mok: [localhost][0m

TASK [Console store — skip read (write-only)] **********************************
Thursday 07 May 2026  12:48:15 +0400 (0:00:00.020)       0:00:32.679 ********** 
[0;36mskipping: [localhost][0m

TASK [set_fact] ****************************************************************
Thursday 07 May 2026  12:48:15 +0400 (0:00:00.016)       0:00:32.696 ********** 
[0;32mok: [localhost][0m

TASK [ansible.builtin.include_tasks] *******************************************
Thursday 07 May 2026  12:48:15 +0400 (0:00:00.019)       0:00:32.715 ********** 
[0;36mincluded: /Users/mohd.tahir/DevWorkspace/eng-infra/cicd/ansible/playbooks/credential-stores-get-secret.yaml for localhost[0m

TASK [Reset credential store result] *******************************************
Thursday 07 May 2026  12:48:15 +0400 (0:00:00.012)       0:00:32.727 ********** 
[0;32mok: [localhost][0m

TASK [Fetch cicd-sonarqube-db-password from Azure Key Vault] *******************
Thursday 07 May 2026  12:48:15 +0400 (0:00:00.011)       0:00:32.738 ********** 
[0;36mincluded: /Users/mohd.tahir/DevWorkspace/eng-infra/cicd/ansible/playbooks/inc/credential-stores/azure_kv/get-secret.yaml for localhost[0m

TASK [Get cicd-sonarqube-db-password from Azure Key Vault] *********************
Thursday 07 May 2026  12:48:15 +0400 (0:00:00.022)       0:00:32.761 ********** 
[0;32mok: [localhost][0m

TASK [set_fact] ****************************************************************
Thursday 07 May 2026  12:48:18 +0400 (0:00:02.827)       0:00:35.588 ********** 
[0;32mok: [localhost][0m

TASK [Console store — skip read (write-only)] **********************************
Thursday 07 May 2026  12:48:18 +0400 (0:00:00.021)       0:00:35.610 ********** 
[0;36mskipping: [localhost][0m

TASK [set_fact] ****************************************************************
Thursday 07 May 2026  12:48:18 +0400 (0:00:00.017)       0:00:35.627 ********** 
[0;32mok: [localhost][0m

TASK [ansible.builtin.include_tasks] *******************************************
Thursday 07 May 2026  12:48:18 +0400 (0:00:00.019)       0:00:35.647 ********** 
[0;36mincluded: /Users/mohd.tahir/DevWorkspace/eng-infra/cicd/ansible/playbooks/credential-stores-get-secret.yaml for localhost[0m

TASK [Reset credential store result] *******************************************
Thursday 07 May 2026  12:48:18 +0400 (0:00:00.011)       0:00:35.659 ********** 
[0;32mok: [localhost][0m

TASK [Fetch cicd-sonarqube-monitoring-passcode from Azure Key Vault] ***********
Thursday 07 May 2026  12:48:18 +0400 (0:00:00.010)       0:00:35.669 ********** 
[0;36mincluded: /Users/mohd.tahir/DevWorkspace/eng-infra/cicd/ansible/playbooks/inc/credential-stores/azure_kv/get-secret.yaml for localhost[0m

TASK [Get cicd-sonarqube-monitoring-passcode from Azure Key Vault] *************
Thursday 07 May 2026  12:48:18 +0400 (0:00:00.022)       0:00:35.692 ********** 
[0;32mok: [localhost][0m

TASK [set_fact] ****************************************************************
Thursday 07 May 2026  12:48:21 +0400 (0:00:03.072)       0:00:38.764 ********** 
[0;32mok: [localhost][0m

TASK [Console store — skip read (write-only)] **********************************
Thursday 07 May 2026  12:48:21 +0400 (0:00:00.021)       0:00:38.785 ********** 
[0;36mskipping: [localhost][0m

TASK [set_fact] ****************************************************************
Thursday 07 May 2026  12:48:21 +0400 (0:00:00.016)       0:00:38.802 ********** 
[0;32mok: [localhost][0m

TASK [ansible.builtin.include_tasks] *******************************************
Thursday 07 May 2026  12:48:21 +0400 (0:00:00.019)       0:00:38.822 ********** 
[0;36mincluded: /Users/mohd.tahir/DevWorkspace/eng-infra/cicd/ansible/playbooks/credential-stores-get-secret.yaml for localhost[0m

TASK [Reset credential store result] *******************************************
Thursday 07 May 2026  12:48:22 +0400 (0:00:00.012)       0:00:38.834 ********** 
[0;32mok: [localhost][0m

TASK [Fetch cicd-sonarqube-saml-cert from Azure Key Vault] *********************
Thursday 07 May 2026  12:48:22 +0400 (0:00:00.010)       0:00:38.845 ********** 
[0;36mincluded: /Users/mohd.tahir/DevWorkspace/eng-infra/cicd/ansible/playbooks/inc/credential-stores/azure_kv/get-secret.yaml for localhost[0m

TASK [Get cicd-sonarqube-saml-cert from Azure Key Vault] ***********************
Thursday 07 May 2026  12:48:22 +0400 (0:00:00.021)       0:00:38.867 ********** 
[0;32mok: [localhost][0m

TASK [set_fact] ****************************************************************
Thursday 07 May 2026  12:48:24 +0400 (0:00:02.734)       0:00:41.601 ********** 
[0;32mok: [localhost][0m

TASK [Console store — skip read (write-only)] **********************************
Thursday 07 May 2026  12:48:24 +0400 (0:00:00.021)       0:00:41.623 ********** 
[0;36mskipping: [localhost][0m

TASK [set_fact] ****************************************************************
Thursday 07 May 2026  12:48:24 +0400 (0:00:00.017)       0:00:41.640 ********** 
[0;32mok: [localhost][0m

TASK [Validate all CICD secrets were retrieved] ********************************
Thursday 07 May 2026  12:48:24 +0400 (0:00:00.020)       0:00:41.661 ********** 
[1;35m[WARNING]: Deprecation warnings can be disabled by setting `deprecation_warnings=False` in ansible.cfg.[0m
[0;35m[DEPRECATION WARNING]: Conditionals should not be surrounded by templating delimiters such as {{ }} or {% %}. This feature will be removed from ansible-core version 2.23.[0m
[0;35mOrigin: /Users/mohd.tahir/DevWorkspace/eng-infra/cicd/ansible/playbooks/01-jenkins.yml:51:15[0m
[0;35m[0m
[0;35m49     - name: Validate all CICD secrets were retrieved[0m
[0;35m50       assert:[0m
[0;35m51         that: "{{ _cicd_secrets[item] | default('') | length > 0 }}"[0m
[0;35m                 ^ column 15[0m
[0;35m[0m
[0;32mok: [localhost] => (item=github_ssh_key) => {[0m
[0;32m    "ansible_loop_var": "item",[0m
[0;32m    "changed": false,[0m
[0;32m    "item": "github_ssh_key",[0m
[0;32m    "msg": "All assertions passed"[0m
[0;32m}[0m
[0;32mok: [localhost] => (item=browserstack_username) => {[0m
[0;32m    "ansible_loop_var": "item",[0m
[0;32m    "changed": false,[0m
[0;32m    "item": "browserstack_username",[0m
[0;32m    "msg": "All assertions passed"[0m
[0;32m}[0m
[0;32mok: [localhost] => (item=browserstack_access_key) => {[0m
[0;32m    "ansible_loop_var": "item",[0m
[0;32m    "changed": false,[0m
[0;32m    "item": "browserstack_access_key",[0m
[0;32m    "msg": "All assertions passed"[0m
[0;32m}[0m
[0;32mok: [localhost] => (item=asc_key_id) => {[0m
[0;32m    "ansible_loop_var": "item",[0m
[0;32m    "changed": false,[0m
[0;32m    "item": "asc_key_id",[0m
[0;32m    "msg": "All assertions passed"[0m
[0;32m}[0m
[0;32mok: [localhost] => (item=asc_issuer_id) => {[0m
[0;32m    "ansible_loop_var": "item",[0m
[0;32m    "changed": false,[0m
[0;32m    "item": "asc_issuer_id",[0m
[0;32m    "msg": "All assertions passed"[0m
[0;32m}[0m
[0;32mok: [localhost] => (item=asc_key_content) => {[0m
[0;32m    "ansible_loop_var": "item",[0m
[0;32m    "changed": false,[0m
[0;32m    "item": "asc_key_content",[0m
[0;32m    "msg": "All assertions passed"[0m
[0;32m}[0m
[0;32mok: [localhost] => (item=sonarqube_token) => {[0m
[0;32m    "ansible_loop_var": "item",[0m
[0;32m    "changed": false,[0m
[0;32m    "item": "sonarqube_token",[0m
[0;32m    "msg": "All assertions passed"[0m
[0;32m}[0m
[0;32mok: [localhost] => (item=okd_deployer_token) => {[0m
[0;32m    "ansible_loop_var": "item",[0m
[0;32m    "changed": false,[0m
[0;32m    "item": "okd_deployer_token",[0m
[0;32m    "msg": "All assertions passed"[0m
[0;32m}[0m
[0;32mok: [localhost] => (item=sonarqube_admin_password) => {[0m
[0;32m    "ansible_loop_var": "item",[0m
[0;32m    "changed": false,[0m
[0;32m    "item": "sonarqube_admin_password",[0m
[0;32m    "msg": "All assertions passed"[0m
[0;32m}[0m
[0;32mok: [localhost] => (item=sonarqube_current_admin_password) => {[0m
[0;32m    "ansible_loop_var": "item",[0m
[0;32m    "changed": false,[0m
[0;32m    "item": "sonarqube_current_admin_password",[0m
[0;32m    "msg": "All assertions passed"[0m
[0;32m}[0m
[0;32mok: [localhost] => (item=sonarqube_db_password) => {[0m
[0;32m    "ansible_loop_var": "item",[0m
[0;32m    "changed": false,[0m
[0;32m    "item": "sonarqube_db_password",[0m
[0;32m    "msg": "All assertions passed"[0m
[0;32m}[0m
[0;32mok: [localhost] => (item=sonarqube_monitoring_passcode) => {[0m
[0;32m    "ansible_loop_var": "item",[0m
[0;32m    "changed": false,[0m
[0;32m    "item": "sonarqube_monitoring_passcode",[0m
[0;32m    "msg": "All assertions passed"[0m
[0;32m}[0m
[0;32mok: [localhost] => (item=sonarqube_saml_cert) => {[0m
[0;32m    "ansible_loop_var": "item",[0m
[0;32m    "changed": false,[0m
[0;32m    "item": "sonarqube_saml_cert",[0m
[0;32m    "msg": "All assertions passed"[0m
[0;32m}[0m

TASK [Create github-ssh-credentials K8s Secret] ********************************
Thursday 07 May 2026  12:48:24 +0400 (0:00:00.110)       0:00:41.771 ********** 
[0;32mok: [localhost][0m

TASK [Create cicd-credentials K8s Secret] **************************************
Thursday 07 May 2026  12:48:27 +0400 (0:00:02.321)       0:00:44.093 ********** 
[0;33mchanged: [localhost][0m

TASK [Create okd-deployer-token K8s Secret] ************************************
Thursday 07 May 2026  12:48:29 +0400 (0:00:02.522)       0:00:46.615 ********** 
[0;32mok: [localhost][0m

TASK [Deploy Jenkins via Helm] *************************************************
Thursday 07 May 2026  12:48:32 +0400 (0:00:02.453)       0:00:49.068 ********** 
[0;31m[ERROR]: Task failed: Module failed: non-zero return code[0m
[0;31mOrigin: /Users/mohd.tahir/DevWorkspace/eng-infra/cicd/ansible/playbooks/01-jenkins.yml:117:7[0m
[0;31m[0m
[0;31m115     # Helm Install/Upgrade[0m
[0;31m116     # ------------------------------------------------------------------[0m
[0;31m117     - name: Deploy Jenkins via Helm[0m
[0;31m          ^ column 7[0m
[0;31m[0m
[0;31mfatal: [localhost]: FAILED! => {"changed": false, "cmd": ["helm", "upgrade", "--install", "jenkins", "jenkins/jenkins", "--namespace", "cicd", "--version", "5.8.116", "-f", "/Users/mohd.tahir/DevWorkspace/eng-infra/cicd/ansible/playbooks/../../k8s/jenkins/values.yaml", "--wait", "--timeout", "10m0s"], "delta": "0:00:36.946560", "end": "2026-05-07 12:49:09.491484", "msg": "non-zero return code", "rc": 1, "start": "2026-05-07 12:48:32.544924", "stderr": "level=WARN msg=\"upgrade failed\" name=jenkins error=\"conflict occurred while applying object cicd/jenkins-jenkins-config-role-based-auth /v1, Kind=ConfigMap: Apply failed with 1 conflict: conflict with \\\"kubectl-patch\\\" using v1: .data.role-based-auth.yaml\"\nError: UPGRADE FAILED: conflict occurred while applying object cicd/jenkins-jenkins-config-role-based-auth /v1, Kind=ConfigMap: Apply failed with 1 conflict: conflict with \"kubectl-patch\" using v1: .data.role-based-auth.yaml", "stderr_lines": ["level=WARN msg=\"upgrade failed\" name=jenkins error=\"conflict occurred while applying object cicd/jenkins-jenkins-config-role-based-auth /v1, Kind=ConfigMap: Apply failed with 1 conflict: conflict with \\\"kubectl-patch\\\" using v1: .data.role-based-auth.yaml\"", "Error: UPGRADE FAILED: conflict occurred while applying object cicd/jenkins-jenkins-config-role-based-auth /v1, Kind=ConfigMap: Apply failed with 1 conflict: conflict with \"kubectl-patch\" using v1: .data.role-based-auth.yaml"], "stdout": "", "stdout_lines": []}[0m

PLAY RECAP *********************************************************************
[0;31mlocalhost[0m                  : [0;32mok=97  [0m [0;33mchanged=1   [0m unreachable=0    [0;31mfailed=1   [0m [0;36mskipped=13  [0m rescued=0    ignored=0   


TASKS RECAP ********************************************************************
Thursday 07 May 2026  12:49:09 +0400 (0:00:37.300)       0:01:26.369 ********** 
=============================================================================== 
Deploy Jenkins via Helm ------------------------------------------------ 37.30s
Get cicd-sonarqube-monitoring-passcode from Azure Key Vault ------------- 3.07s
Get cicd-browserstack-username from Azure Key Vault --------------------- 3.06s
Get cicd-asc-key-id from Azure Key Vault -------------------------------- 3.01s
Get cicd-sonarqube-admin-password from Azure Key Vault ------------------ 2.94s
Get cicd-sonarqube-current-admin-password from Azure Key Vault ---------- 2.93s
Get cicd-asc-issuer-id from Azure Key Vault ----------------------------- 2.87s
Get cicd-okd-deployer-token from Azure Key Vault ------------------------ 2.86s
Get cicd-asc-key-content from Azure Key Vault --------------------------- 2.83s
Get cicd-browserstack-access-key from Azure Key Vault ------------------- 2.83s
Get cicd-sonarqube-db-password from Azure Key Vault --------------------- 2.83s
Get cicd-sonarqube-token from Azure Key Vault --------------------------- 2.79s
Create cicd namespace --------------------------------------------------- 2.76s
Get cicd-sonarqube-saml-cert from Azure Key Vault ----------------------- 2.73s
Get cicd-github-ssh-key from Azure Key Vault ---------------------------- 2.69s
Create cicd-credentials K8s Secret -------------------------------------- 2.52s
Create okd-deployer-token K8s Secret ------------------------------------ 2.45s
Create github-ssh-credentials K8s Secret -------------------------------- 2.32s
Validate all CICD secrets were retrieved -------------------------------- 0.11s
Fetch << error 1 - 'item' is undefined >> from credential store --------- 0.06s
