=== sonar-scanner version ===
09:03:15.101 INFO  Scanner configuration file: /opt/sonar-scanner/conf/sonar-scanner.properties
09:03:15.105 INFO  Project root configuration file: NONE
09:03:15.128 INFO  SonarScanner CLI 6.2.1.4610
09:03:15.131 INFO  Java 17.0.18 Alpine (64-bit)
09:03:15.132 INFO  Linux 5.15.0-1102-azure amd64
=== prepare smoke project ===
total 20
drwxr-xr-x    2 root     root          4096 May  7 09:03 .
drwxrwxrwt    1 root     root          4096 May  7 09:03 ..
-rw-r--r--    1 root     root           193 May  7 09:03 index.js
-rw-r--r--    1 root     root           100 May  7 09:03 sonar-project.properties

=== run scan ===
09:03:15.798 INFO  Scanner configuration file: /opt/sonar-scanner/conf/sonar-scanner.properties
09:03:15.839 INFO  Project root configuration file: /tmp/smoke/sonar-project.properties
09:03:15.859 INFO  SonarScanner CLI 6.2.1.4610
09:03:15.860 INFO  Java 17.0.18 Alpine (64-bit)
09:03:15.861 INFO  Linux 5.15.0-1102-azure amd64
09:03:15.896 INFO  User cache: /root/.sonar/cache
09:03:17.414 INFO  JRE provisioning: os[alpine], arch[x86_64]
09:03:21.202 INFO  Communicating with SonarQube Server 26.4.0.121862
09:03:21.811 INFO  Starting SonarScanner Engine...
09:03:21.812 INFO  Java 21.0.9 Eclipse Adoptium (64-bit)
09:03:23.997 INFO  Load global settings
09:03:24.222 INFO  Load global settings (done) | time=223ms
09:03:24.224 INFO  Server id: 147B411E-AZ4BfeK0iicSqz04q45-
09:03:24.238 INFO  Loading required plugins
09:03:24.238 INFO  Load plugins index
09:03:24.295 INFO  Load plugins index (done) | time=57ms
09:03:24.309 INFO  Load/download plugins
09:03:25.134 INFO  Load/download plugins (done) | time=839ms
09:03:25.936 INFO  Process project properties
09:03:26.001 INFO  Process project properties (done) | time=65ms
09:03:26.015 INFO  Project key: smoke-test
09:03:26.017 INFO  Base dir: /tmp/smoke
09:03:26.018 INFO  Working dir: /tmp/smoke/.scannerwork
09:03:26.032 INFO  Load project settings for component key: 'smoke-test'
09:03:26.089 INFO  Load project settings for component key: 'smoke-test' (done) | time=32ms
09:03:26.112 INFO  Load quality profiles
09:03:26.514 INFO  Load quality profiles (done) | time=403ms
09:03:26.589 WARN  SCM provider autodetection failed. Please use "sonar.scm.provider" to define SCM of your project, or disable the SCM Sensor in the project settings.
09:03:26.603 INFO  Load active rules
09:03:27.723 INFO  Load active rules (done) | time=1120ms
09:03:27.731 INFO  Load analysis cache
09:03:27.742 INFO  Load analysis cache (404) | time=10ms
09:03:27.936 INFO  Preprocessing files...
09:03:28.004 INFO  1 language detected in 2 preprocessed files (done) | time=67ms
09:03:28.007 INFO  Loading plugins for detected languages
09:03:28.007 INFO  Load/download plugins
09:03:30.766 INFO  Load/download plugins (done) | time=2759ms
09:03:31.309 INFO  Load project repositories
09:03:31.527 INFO  Load project repositories (done) | time=217ms
09:03:31.622 INFO  Indexing files...
09:03:31.627 INFO  Project configuration:
09:03:31.646 INFO  2 files indexed (done) | time=16ms
09:03:31.692 INFO  Quality profile for js: Sonar way
09:03:31.693 INFO  ------------- Run sensors on module smoke-test
09:03:31.823 INFO  Load metrics repository
09:03:31.900 INFO  Load metrics repository (done) | time=77ms
09:03:32.904 INFO  Reflections took 205 ms to scan 1 urls, producing 25 keys and 261 values
09:03:33.340 INFO  Sensor IaC hadolint report Sensor [iac]
09:03:33.343 INFO  Sensor IaC hadolint report Sensor [iac] (done) | time=3ms
09:03:33.343 INFO  Sensor Java Config Sensor [iac]
09:03:33.391 INFO  There are no files to be analyzed for the Java language
09:03:33.392 INFO  Sensor Java Config Sensor [iac] (done) | time=48ms
09:03:33.395 INFO  Sensor IaC Docker Sensor [iac]
09:03:33.397 INFO  There are no files to be analyzed for the Docker language
09:03:33.398 INFO  Sensor IaC Docker Sensor [iac] (done) | time=3ms
09:03:33.400 INFO  Sensor HTML [web]
09:03:33.404 INFO  Sensor HTML [web] (done) | time=4ms
09:03:33.407 INFO  Sensor JavaScript/TypeScript/CSS analysis [javascript]
09:03:33.929 INFO  Detected os: Linux arch: amd64 alpine: true. Platform: LINUX_X64_MUSL
09:03:33.931 INFO  Deploy location /root/.sonar/js/node-runtime, tagetRuntime: /root/.sonar/js/node-runtime/node,  version: /root/.sonar/js/node-runtime/version.txt
09:03:37.753 INFO  Using embedded Node.js runtime.
09:03:37.754 INFO  Using Node.js executable: '/root/.sonar/js/node-runtime/node'.
09:03:41.294 INFO  Memory configuration: OS (7939 MB), Docker (2048 MB), Node.js (1120 MB).
09:03:41.598 INFO  WebSocket client connected on /ws
09:03:41.604 INFO  Plugin version: [12.3.0.39932]
09:03:45.142 INFO  Found 0 tsconfig.json file(s): []
09:03:47.333 INFO  1 source file to be analyzed
09:03:47.334 INFO  Analyzing 1 file(s) using default options [lib: lib.esnext.d.ts, lib.dom.d.ts]
09:03:47.336 INFO  1/1 source file has been analyzed
09:03:47.426 INFO  Hit the cache for 0 out of 1
09:03:47.430 INFO  Miss the cache for 1 out of 1: ANALYSIS_MODE_INELIGIBLE [1/1]
09:03:47.431 INFO  Sensor JavaScript/TypeScript/CSS analysis [javascript] (done) | time=14023ms
09:03:47.431 INFO  Sensor TextAndSecretsSensor [text]
09:03:47.490 INFO  Available processors: 1
09:03:47.491 INFO  Using 1 thread for analysis.
09:03:48.207 INFO  The property "sonar.tests" is not set. To improve the analysis accuracy, we categorize a file as a test file if any of the following is true:
  * The filename starts with "test"
  * The filename contains "test." or "tests."
  * Any directory in the file path is named: "doc", "docs", "test", "tests", "mock" or "mocks"
  * Any directory in the file path has a name ending in "test" or "tests"

09:03:48.305 INFO  Start fetching files for the text and secrets analysis
09:03:48.345 INFO  Using Git CLI to retrieve dirty files
09:03:48.356 WARN  Retrieving only language associated files, make sure to run the analysis inside a git repository to make use of inclusions specified via "sonar.text.inclusions"
09:03:48.358 INFO  Starting the text and secrets analysis
09:03:48.360 INFO  1 source file to be analyzed for the text and secrets analysis
09:03:48.401 INFO  1/1 source file has been analyzed for the text and secrets analysis
09:03:48.409 INFO  Sensor TextAndSecretsSensor [text] (done) | time=973ms
09:03:48.410 INFO  ------------- Run sensors on project
09:03:48.732 INFO  Sensor Zero Coverage Sensor
09:03:48.742 INFO  Sensor Zero Coverage Sensor (done) | time=11ms
09:03:48.743 INFO  ------------- Gather SCA dependencies on project
09:03:48.789 INFO  Dependency analysis skipped
09:03:48.794 INFO  SCM Publisher No SCM system was detected. You can use the 'sonar.scm.provider' property to explicitly specify it.
09:03:48.798 INFO  CPD Executor 1 file had no CPD blocks
09:03:48.804 INFO  CPD Executor Calculating CPD for 0 files
09:03:48.805 INFO  CPD Executor CPD calculation finished (done) | time=0ms
09:03:49.128 INFO  Analysis report generated in 314ms, dir size=266.8 kB
09:03:49.145 INFO  Analysis report compressed in 16ms, zip size=29.6 kB
09:03:49.216 INFO  Analysis report uploaded in 71ms
09:03:49.218 INFO  ANALYSIS SUCCESSFUL, you can find the results at: http://sonarqube-sonarqube.cicd.svc:9000/dashboard?id=smoke-test
09:03:49.218 INFO  Note that you will be able to access the updated dashboard once the server has processed the submitted analysis report
09:03:49.219 INFO  More about the report processing at http://sonarqube-sonarqube.cicd.svc:9000/api/ce/task?id=6b1e4933-d12f-41d1-bc48-f778a20dc0c4
09:03:49.532 INFO  Analysis total time: 24.231 s
09:03:49.533 INFO  SonarScanner Engine completed successfully
09:03:49.960 INFO  EXECUTION SUCCESS
09:03:49.961 INFO  Total time: 34.165s
=== scan exit: 0 ===
