[1;34m>>>[0m Generating /Users/mohd.tahir/DevWorkspace/eng-infra/cicd/ansible/temp/cloud-vars.yml
[1;34m>>>[0m Generated vars file with 15 variables
[1;34m>>>[0m Running: playbooks/01-jenkins.yml
[1;35m[WARNING]: Unable to parse /Users/mohd.tahir/DevWorkspace/eng-infra/cicd/ansible/inventory as an inventory source[0m
[1;35m[WARNING]: No inventory was parsed, only implicit localhost is available[0m
[1;35m[WARNING]: provided hosts list is empty, only localhost is available. Note that the implicit localhost does not match 'all'[0m

PLAY [Deploy Jenkins to CICD AKS] **********************************************

TASK [Create cicd namespace] ***************************************************
Thursday 07 May 2026  14:24:33 +0400 (0:00:00.037)       0:00:00.037 ********** 
[0;32mok: [localhost][0m

TASK [Initialize CICD secrets] *************************************************
Thursday 07 May 2026  14:24:38 +0400 (0:00:05.570)       0:00:05.608 ********** 
[1;35m[WARNING]: Encountered 1 template error.[0m
[1;35merror 1 - 'item' is undefined[0m
[1;35mOrigin: /Users/mohd.tahir/DevWorkspace/eng-infra/cicd/ansible/playbooks/01-jenkins.yml:43:13[0m
[1;35m[0m
[1;35m41         _cicd_secrets: {}[0m
[1;35m42[0m
[1;35m43     - name: "Fetch {{ item.key }} from credential store"[0m
[1;35m               ^ column 13[0m
[1;35m[0m
[0;32mok: [localhost][0m

TASK [Fetch << error 1 - 'item' is undefined >> from credential store] *********
Thursday 07 May 2026  14:24:38 +0400 (0:00:00.012)       0:00:05.621 ********** 
[0;36mincluded: /Users/mohd.tahir/DevWorkspace/eng-infra/cicd/ansible/playbooks/inc/fetch-and-store-secret.yaml for localhost => (item=github_ssh_key)[0m
[0;36mincluded: /Users/mohd.tahir/DevWorkspace/eng-infra/cicd/ansible/playbooks/inc/fetch-and-store-secret.yaml for localhost => (item=browserstack_username)[0m
[0;36mincluded: /Users/mohd.tahir/DevWorkspace/eng-infra/cicd/ansible/playbooks/inc/fetch-and-store-secret.yaml for localhost => (item=browserstack_access_key)[0m
[0;36mincluded: /Users/mohd.tahir/DevWorkspace/eng-infra/cicd/ansible/playbooks/inc/fetch-and-store-secret.yaml for localhost => (item=asc_key_id)[0m
[0;36mincluded: /Users/mohd.tahir/DevWorkspace/eng-infra/cicd/ansible/playbooks/inc/fetch-and-store-secret.yaml for localhost => (item=asc_issuer_id)[0m
[0;36mincluded: /Users/mohd.tahir/DevWorkspace/eng-infra/cicd/ansible/playbooks/inc/fetch-and-store-secret.yaml for localhost => (item=asc_key_content)[0m
[0;36mincluded: /Users/mohd.tahir/DevWorkspace/eng-infra/cicd/ansible/playbooks/inc/fetch-and-store-secret.yaml for localhost => (item=sonarqube_token)[0m
[0;36mincluded: /Users/mohd.tahir/DevWorkspace/eng-infra/cicd/ansible/playbooks/inc/fetch-and-store-secret.yaml for localhost => (item=okd_deployer_token)[0m
[0;36mincluded: /Users/mohd.tahir/DevWorkspace/eng-infra/cicd/ansible/playbooks/inc/fetch-and-store-secret.yaml for localhost => (item=sonarqube_admin_password)[0m
[0;36mincluded: /Users/mohd.tahir/DevWorkspace/eng-infra/cicd/ansible/playbooks/inc/fetch-and-store-secret.yaml for localhost => (item=sonarqube_current_admin_password)[0m
[0;36mincluded: /Users/mohd.tahir/DevWorkspace/eng-infra/cicd/ansible/playbooks/inc/fetch-and-store-secret.yaml for localhost => (item=sonarqube_db_password)[0m
[0;36mincluded: /Users/mohd.tahir/DevWorkspace/eng-infra/cicd/ansible/playbooks/inc/fetch-and-store-secret.yaml for localhost => (item=sonarqube_monitoring_passcode)[0m
[0;36mincluded: /Users/mohd.tahir/DevWorkspace/eng-infra/cicd/ansible/playbooks/inc/fetch-and-store-secret.yaml for localhost => (item=sonarqube_saml_cert)[0m

TASK [ansible.builtin.include_tasks] *******************************************
Thursday 07 May 2026  14:24:39 +0400 (0:00:00.105)       0:00:05.727 ********** 
[0;36mincluded: /Users/mohd.tahir/DevWorkspace/eng-infra/cicd/ansible/playbooks/credential-stores-get-secret.yaml for localhost[0m

TASK [Reset credential store result] *******************************************
Thursday 07 May 2026  14:24:39 +0400 (0:00:00.015)       0:00:05.742 ********** 
[0;32mok: [localhost][0m

TASK [Fetch cicd-github-ssh-key from Azure Key Vault] **************************
Thursday 07 May 2026  14:24:39 +0400 (0:00:00.010)       0:00:05.753 ********** 
[0;36mincluded: /Users/mohd.tahir/DevWorkspace/eng-infra/cicd/ansible/playbooks/inc/credential-stores/azure_kv/get-secret.yaml for localhost[0m

TASK [Get cicd-github-ssh-key from Azure Key Vault] ****************************
Thursday 07 May 2026  14:24:39 +0400 (0:00:00.027)       0:00:05.781 ********** 
[0;32mok: [localhost][0m

TASK [set_fact] ****************************************************************
Thursday 07 May 2026  14:24:47 +0400 (0:00:08.120)       0:00:13.901 ********** 
[0;32mok: [localhost][0m

TASK [Console store — skip read (write-only)] **********************************
Thursday 07 May 2026  14:24:47 +0400 (0:00:00.026)       0:00:13.928 ********** 
[0;36mskipping: [localhost][0m

TASK [set_fact] ****************************************************************
Thursday 07 May 2026  14:24:47 +0400 (0:00:00.017)       0:00:13.945 ********** 
[0;32mok: [localhost][0m

TASK [ansible.builtin.include_tasks] *******************************************
Thursday 07 May 2026  14:24:47 +0400 (0:00:00.018)       0:00:13.964 ********** 
[0;36mincluded: /Users/mohd.tahir/DevWorkspace/eng-infra/cicd/ansible/playbooks/credential-stores-get-secret.yaml for localhost[0m

TASK [Reset credential store result] *******************************************
Thursday 07 May 2026  14:24:47 +0400 (0:00:00.011)       0:00:13.976 ********** 
[0;32mok: [localhost][0m

TASK [Fetch cicd-browserstack-username from Azure Key Vault] *******************
Thursday 07 May 2026  14:24:47 +0400 (0:00:00.010)       0:00:13.986 ********** 
[0;36mincluded: /Users/mohd.tahir/DevWorkspace/eng-infra/cicd/ansible/playbooks/inc/credential-stores/azure_kv/get-secret.yaml for localhost[0m

TASK [Get cicd-browserstack-username from Azure Key Vault] *********************
Thursday 07 May 2026  14:24:47 +0400 (0:00:00.021)       0:00:14.007 ********** 
[0;32mok: [localhost][0m

TASK [set_fact] ****************************************************************
Thursday 07 May 2026  14:24:50 +0400 (0:00:02.828)       0:00:16.835 ********** 
[0;32mok: [localhost][0m

TASK [Console store — skip read (write-only)] **********************************
Thursday 07 May 2026  14:24:50 +0400 (0:00:00.022)       0:00:16.858 ********** 
[0;36mskipping: [localhost][0m

TASK [set_fact] ****************************************************************
Thursday 07 May 2026  14:24:50 +0400 (0:00:00.018)       0:00:16.876 ********** 
[0;32mok: [localhost][0m

TASK [ansible.builtin.include_tasks] *******************************************
Thursday 07 May 2026  14:24:50 +0400 (0:00:00.020)       0:00:16.896 ********** 
[0;36mincluded: /Users/mohd.tahir/DevWorkspace/eng-infra/cicd/ansible/playbooks/credential-stores-get-secret.yaml for localhost[0m

TASK [Reset credential store result] *******************************************
Thursday 07 May 2026  14:24:50 +0400 (0:00:00.012)       0:00:16.908 ********** 
[0;32mok: [localhost][0m

TASK [Fetch cicd-browserstack-access-key from Azure Key Vault] *****************
Thursday 07 May 2026  14:24:50 +0400 (0:00:00.011)       0:00:16.920 ********** 
[0;36mincluded: /Users/mohd.tahir/DevWorkspace/eng-infra/cicd/ansible/playbooks/inc/credential-stores/azure_kv/get-secret.yaml for localhost[0m

TASK [Get cicd-browserstack-access-key from Azure Key Vault] *******************
Thursday 07 May 2026  14:24:50 +0400 (0:00:00.022)       0:00:16.943 ********** 
[0;32mok: [localhost][0m

TASK [set_fact] ****************************************************************
Thursday 07 May 2026  14:24:53 +0400 (0:00:02.847)       0:00:19.791 ********** 
[0;32mok: [localhost][0m

TASK [Console store — skip read (write-only)] **********************************
Thursday 07 May 2026  14:24:53 +0400 (0:00:00.022)       0:00:19.813 ********** 
[0;36mskipping: [localhost][0m

TASK [set_fact] ****************************************************************
Thursday 07 May 2026  14:24:53 +0400 (0:00:00.018)       0:00:19.832 ********** 
[0;32mok: [localhost][0m

TASK [ansible.builtin.include_tasks] *******************************************
Thursday 07 May 2026  14:24:53 +0400 (0:00:00.020)       0:00:19.852 ********** 
[0;36mincluded: /Users/mohd.tahir/DevWorkspace/eng-infra/cicd/ansible/playbooks/credential-stores-get-secret.yaml for localhost[0m

TASK [Reset credential store result] *******************************************
Thursday 07 May 2026  14:24:53 +0400 (0:00:00.012)       0:00:19.864 ********** 
[0;32mok: [localhost][0m

TASK [Fetch cicd-asc-key-id from Azure Key Vault] ******************************
Thursday 07 May 2026  14:24:53 +0400 (0:00:00.011)       0:00:19.875 ********** 
[0;36mincluded: /Users/mohd.tahir/DevWorkspace/eng-infra/cicd/ansible/playbooks/inc/credential-stores/azure_kv/get-secret.yaml for localhost[0m

TASK [Get cicd-asc-key-id from Azure Key Vault] ********************************
Thursday 07 May 2026  14:24:53 +0400 (0:00:00.022)       0:00:19.898 ********** 
[0;32mok: [localhost][0m

TASK [set_fact] ****************************************************************
Thursday 07 May 2026  14:24:56 +0400 (0:00:03.150)       0:00:23.049 ********** 
[0;32mok: [localhost][0m

TASK [Console store — skip read (write-only)] **********************************
Thursday 07 May 2026  14:24:56 +0400 (0:00:00.022)       0:00:23.071 ********** 
[0;36mskipping: [localhost][0m

TASK [set_fact] ****************************************************************
Thursday 07 May 2026  14:24:56 +0400 (0:00:00.018)       0:00:23.089 ********** 
[0;32mok: [localhost][0m

TASK [ansible.builtin.include_tasks] *******************************************
Thursday 07 May 2026  14:24:56 +0400 (0:00:00.019)       0:00:23.109 ********** 
[0;36mincluded: /Users/mohd.tahir/DevWorkspace/eng-infra/cicd/ansible/playbooks/credential-stores-get-secret.yaml for localhost[0m

TASK [Reset credential store result] *******************************************
Thursday 07 May 2026  14:24:56 +0400 (0:00:00.011)       0:00:23.121 ********** 
[0;32mok: [localhost][0m

TASK [Fetch cicd-asc-issuer-id from Azure Key Vault] ***************************
Thursday 07 May 2026  14:24:56 +0400 (0:00:00.010)       0:00:23.132 ********** 
[0;36mincluded: /Users/mohd.tahir/DevWorkspace/eng-infra/cicd/ansible/playbooks/inc/credential-stores/azure_kv/get-secret.yaml for localhost[0m

TASK [Get cicd-asc-issuer-id from Azure Key Vault] *****************************
Thursday 07 May 2026  14:24:56 +0400 (0:00:00.022)       0:00:23.154 ********** 
[0;32mok: [localhost][0m

TASK [set_fact] ****************************************************************
Thursday 07 May 2026  14:24:59 +0400 (0:00:02.764)       0:00:25.919 ********** 
[0;32mok: [localhost][0m

TASK [Console store — skip read (write-only)] **********************************
Thursday 07 May 2026  14:24:59 +0400 (0:00:00.022)       0:00:25.942 ********** 
[0;36mskipping: [localhost][0m

TASK [set_fact] ****************************************************************
Thursday 07 May 2026  14:24:59 +0400 (0:00:00.018)       0:00:25.961 ********** 
[0;32mok: [localhost][0m

TASK [ansible.builtin.include_tasks] *******************************************
Thursday 07 May 2026  14:24:59 +0400 (0:00:00.019)       0:00:25.980 ********** 
[0;36mincluded: /Users/mohd.tahir/DevWorkspace/eng-infra/cicd/ansible/playbooks/credential-stores-get-secret.yaml for localhost[0m

TASK [Reset credential store result] *******************************************
Thursday 07 May 2026  14:24:59 +0400 (0:00:00.011)       0:00:25.992 ********** 
[0;32mok: [localhost][0m

TASK [Fetch cicd-asc-key-content from Azure Key Vault] *************************
Thursday 07 May 2026  14:24:59 +0400 (0:00:00.010)       0:00:26.002 ********** 
[0;36mincluded: /Users/mohd.tahir/DevWorkspace/eng-infra/cicd/ansible/playbooks/inc/credential-stores/azure_kv/get-secret.yaml for localhost[0m

TASK [Get cicd-asc-key-content from Azure Key Vault] ***************************
Thursday 07 May 2026  14:24:59 +0400 (0:00:00.022)       0:00:26.025 ********** 
[0;32mok: [localhost][0m

TASK [set_fact] ****************************************************************
Thursday 07 May 2026  14:25:02 +0400 (0:00:03.063)       0:00:29.089 ********** 
[0;32mok: [localhost][0m

TASK [Console store — skip read (write-only)] **********************************
Thursday 07 May 2026  14:25:02 +0400 (0:00:00.022)       0:00:29.111 ********** 
[0;36mskipping: [localhost][0m

TASK [set_fact] ****************************************************************
Thursday 07 May 2026  14:25:02 +0400 (0:00:00.018)       0:00:29.129 ********** 
[0;32mok: [localhost][0m

TASK [ansible.builtin.include_tasks] *******************************************
Thursday 07 May 2026  14:25:02 +0400 (0:00:00.019)       0:00:29.149 ********** 
[0;36mincluded: /Users/mohd.tahir/DevWorkspace/eng-infra/cicd/ansible/playbooks/credential-stores-get-secret.yaml for localhost[0m

TASK [Reset credential store result] *******************************************
Thursday 07 May 2026  14:25:02 +0400 (0:00:00.011)       0:00:29.161 ********** 
[0;32mok: [localhost][0m

TASK [Fetch cicd-sonarqube-token from Azure Key Vault] *************************
Thursday 07 May 2026  14:25:02 +0400 (0:00:00.010)       0:00:29.172 ********** 
[0;36mincluded: /Users/mohd.tahir/DevWorkspace/eng-infra/cicd/ansible/playbooks/inc/credential-stores/azure_kv/get-secret.yaml for localhost[0m

TASK [Get cicd-sonarqube-token from Azure Key Vault] ***************************
Thursday 07 May 2026  14:25:02 +0400 (0:00:00.023)       0:00:29.195 ********** 
[0;32mok: [localhost][0m

TASK [set_fact] ****************************************************************
Thursday 07 May 2026  14:25:05 +0400 (0:00:02.804)       0:00:32.000 ********** 
[0;32mok: [localhost][0m

TASK [Console store — skip read (write-only)] **********************************
Thursday 07 May 2026  14:25:05 +0400 (0:00:00.021)       0:00:32.022 ********** 
[0;36mskipping: [localhost][0m

TASK [set_fact] ****************************************************************
Thursday 07 May 2026  14:25:05 +0400 (0:00:00.017)       0:00:32.040 ********** 
[0;32mok: [localhost][0m

TASK [ansible.builtin.include_tasks] *******************************************
Thursday 07 May 2026  14:25:05 +0400 (0:00:00.019)       0:00:32.060 ********** 
[0;36mincluded: /Users/mohd.tahir/DevWorkspace/eng-infra/cicd/ansible/playbooks/credential-stores-get-secret.yaml for localhost[0m

TASK [Reset credential store result] *******************************************
Thursday 07 May 2026  14:25:05 +0400 (0:00:00.011)       0:00:32.072 ********** 
[0;32mok: [localhost][0m

TASK [Fetch cicd-okd-deployer-token from Azure Key Vault] **********************
Thursday 07 May 2026  14:25:05 +0400 (0:00:00.010)       0:00:32.083 ********** 
[0;36mincluded: /Users/mohd.tahir/DevWorkspace/eng-infra/cicd/ansible/playbooks/inc/credential-stores/azure_kv/get-secret.yaml for localhost[0m

TASK [Get cicd-okd-deployer-token from Azure Key Vault] ************************
Thursday 07 May 2026  14:25:05 +0400 (0:00:00.023)       0:00:32.106 ********** 
[0;32mok: [localhost][0m

TASK [set_fact] ****************************************************************
Thursday 07 May 2026  14:25:08 +0400 (0:00:02.806)       0:00:34.912 ********** 
[0;32mok: [localhost][0m

TASK [Console store — skip read (write-only)] **********************************
Thursday 07 May 2026  14:25:08 +0400 (0:00:00.021)       0:00:34.933 ********** 
[0;36mskipping: [localhost][0m

TASK [set_fact] ****************************************************************
Thursday 07 May 2026  14:25:08 +0400 (0:00:00.017)       0:00:34.951 ********** 
[0;32mok: [localhost][0m

TASK [ansible.builtin.include_tasks] *******************************************
Thursday 07 May 2026  14:25:08 +0400 (0:00:00.019)       0:00:34.970 ********** 
[0;36mincluded: /Users/mohd.tahir/DevWorkspace/eng-infra/cicd/ansible/playbooks/credential-stores-get-secret.yaml for localhost[0m

TASK [Reset credential store result] *******************************************
Thursday 07 May 2026  14:25:08 +0400 (0:00:00.011)       0:00:34.982 ********** 
[0;32mok: [localhost][0m

TASK [Fetch cicd-sonarqube-admin-password from Azure Key Vault] ****************
Thursday 07 May 2026  14:25:08 +0400 (0:00:00.010)       0:00:34.993 ********** 
[0;36mincluded: /Users/mohd.tahir/DevWorkspace/eng-infra/cicd/ansible/playbooks/inc/credential-stores/azure_kv/get-secret.yaml for localhost[0m

TASK [Get cicd-sonarqube-admin-password from Azure Key Vault] ******************
Thursday 07 May 2026  14:25:08 +0400 (0:00:00.022)       0:00:35.015 ********** 
[0;32mok: [localhost][0m

TASK [set_fact] ****************************************************************
Thursday 07 May 2026  14:25:11 +0400 (0:00:02.738)       0:00:37.754 ********** 
[0;32mok: [localhost][0m

TASK [Console store — skip read (write-only)] **********************************
Thursday 07 May 2026  14:25:11 +0400 (0:00:00.022)       0:00:37.776 ********** 
[0;36mskipping: [localhost][0m

TASK [set_fact] ****************************************************************
Thursday 07 May 2026  14:25:11 +0400 (0:00:00.018)       0:00:37.794 ********** 
[0;32mok: [localhost][0m

TASK [ansible.builtin.include_tasks] *******************************************
Thursday 07 May 2026  14:25:11 +0400 (0:00:00.020)       0:00:37.815 ********** 
[0;36mincluded: /Users/mohd.tahir/DevWorkspace/eng-infra/cicd/ansible/playbooks/credential-stores-get-secret.yaml for localhost[0m

TASK [Reset credential store result] *******************************************
Thursday 07 May 2026  14:25:11 +0400 (0:00:00.013)       0:00:37.828 ********** 
[0;32mok: [localhost][0m

TASK [Fetch cicd-sonarqube-current-admin-password from Azure Key Vault] ********
Thursday 07 May 2026  14:25:11 +0400 (0:00:00.012)       0:00:37.841 ********** 
[0;36mincluded: /Users/mohd.tahir/DevWorkspace/eng-infra/cicd/ansible/playbooks/inc/credential-stores/azure_kv/get-secret.yaml for localhost[0m

TASK [Get cicd-sonarqube-current-admin-password from Azure Key Vault] **********
Thursday 07 May 2026  14:25:11 +0400 (0:00:00.022)       0:00:37.863 ********** 
[0;32mok: [localhost][0m

TASK [set_fact] ****************************************************************
Thursday 07 May 2026  14:25:13 +0400 (0:00:02.827)       0:00:40.691 ********** 
[0;32mok: [localhost][0m

TASK [Console store — skip read (write-only)] **********************************
Thursday 07 May 2026  14:25:14 +0400 (0:00:00.022)       0:00:40.714 ********** 
[0;36mskipping: [localhost][0m

TASK [set_fact] ****************************************************************
Thursday 07 May 2026  14:25:14 +0400 (0:00:00.018)       0:00:40.733 ********** 
[0;32mok: [localhost][0m

TASK [ansible.builtin.include_tasks] *******************************************
Thursday 07 May 2026  14:25:14 +0400 (0:00:00.021)       0:00:40.754 ********** 
[0;36mincluded: /Users/mohd.tahir/DevWorkspace/eng-infra/cicd/ansible/playbooks/credential-stores-get-secret.yaml for localhost[0m

TASK [Reset credential store result] *******************************************
Thursday 07 May 2026  14:25:14 +0400 (0:00:00.012)       0:00:40.766 ********** 
[0;32mok: [localhost][0m

TASK [Fetch cicd-sonarqube-db-password from Azure Key Vault] *******************
Thursday 07 May 2026  14:25:14 +0400 (0:00:00.011)       0:00:40.778 ********** 
[0;36mincluded: /Users/mohd.tahir/DevWorkspace/eng-infra/cicd/ansible/playbooks/inc/credential-stores/azure_kv/get-secret.yaml for localhost[0m

TASK [Get cicd-sonarqube-db-password from Azure Key Vault] *********************
Thursday 07 May 2026  14:25:14 +0400 (0:00:00.024)       0:00:40.803 ********** 
[0;32mok: [localhost][0m

TASK [set_fact] ****************************************************************
Thursday 07 May 2026  14:25:17 +0400 (0:00:02.918)       0:00:43.721 ********** 
[0;32mok: [localhost][0m

TASK [Console store — skip read (write-only)] **********************************
Thursday 07 May 2026  14:25:17 +0400 (0:00:00.021)       0:00:43.743 ********** 
[0;36mskipping: [localhost][0m

TASK [set_fact] ****************************************************************
Thursday 07 May 2026  14:25:17 +0400 (0:00:00.017)       0:00:43.760 ********** 
[0;32mok: [localhost][0m

TASK [ansible.builtin.include_tasks] *******************************************
Thursday 07 May 2026  14:25:17 +0400 (0:00:00.021)       0:00:43.782 ********** 
[0;36mincluded: /Users/mohd.tahir/DevWorkspace/eng-infra/cicd/ansible/playbooks/credential-stores-get-secret.yaml for localhost[0m

TASK [Reset credential store result] *******************************************
Thursday 07 May 2026  14:25:17 +0400 (0:00:00.012)       0:00:43.794 ********** 
[0;32mok: [localhost][0m

TASK [Fetch cicd-sonarqube-monitoring-passcode from Azure Key Vault] ***********
Thursday 07 May 2026  14:25:17 +0400 (0:00:00.010)       0:00:43.805 ********** 
[0;36mincluded: /Users/mohd.tahir/DevWorkspace/eng-infra/cicd/ansible/playbooks/inc/credential-stores/azure_kv/get-secret.yaml for localhost[0m

TASK [Get cicd-sonarqube-monitoring-passcode from Azure Key Vault] *************
Thursday 07 May 2026  14:25:17 +0400 (0:00:00.023)       0:00:43.828 ********** 
[0;32mok: [localhost][0m

TASK [set_fact] ****************************************************************
Thursday 07 May 2026  14:25:20 +0400 (0:00:02.943)       0:00:46.771 ********** 
[0;32mok: [localhost][0m

TASK [Console store — skip read (write-only)] **********************************
Thursday 07 May 2026  14:25:20 +0400 (0:00:00.025)       0:00:46.797 ********** 
[0;36mskipping: [localhost][0m

TASK [set_fact] ****************************************************************
Thursday 07 May 2026  14:25:20 +0400 (0:00:00.105)       0:00:46.903 ********** 
[0;32mok: [localhost][0m

TASK [ansible.builtin.include_tasks] *******************************************
Thursday 07 May 2026  14:25:20 +0400 (0:00:00.049)       0:00:46.952 ********** 
[0;36mincluded: /Users/mohd.tahir/DevWorkspace/eng-infra/cicd/ansible/playbooks/credential-stores-get-secret.yaml for localhost[0m

TASK [Reset credential store result] *******************************************
Thursday 07 May 2026  14:25:20 +0400 (0:00:00.020)       0:00:46.973 ********** 
[0;32mok: [localhost][0m

TASK [Fetch cicd-sonarqube-saml-cert from Azure Key Vault] *********************
Thursday 07 May 2026  14:25:20 +0400 (0:00:00.017)       0:00:46.991 ********** 
[0;36mincluded: /Users/mohd.tahir/DevWorkspace/eng-infra/cicd/ansible/playbooks/inc/credential-stores/azure_kv/get-secret.yaml for localhost[0m

TASK [Get cicd-sonarqube-saml-cert from Azure Key Vault] ***********************
Thursday 07 May 2026  14:25:20 +0400 (0:00:00.029)       0:00:47.020 ********** 
[0;32mok: [localhost][0m

TASK [set_fact] ****************************************************************
Thursday 07 May 2026  14:25:23 +0400 (0:00:03.122)       0:00:50.142 ********** 
[0;32mok: [localhost][0m

TASK [Console store — skip read (write-only)] **********************************
Thursday 07 May 2026  14:25:23 +0400 (0:00:00.022)       0:00:50.165 ********** 
[0;36mskipping: [localhost][0m

TASK [set_fact] ****************************************************************
Thursday 07 May 2026  14:25:23 +0400 (0:00:00.018)       0:00:50.183 ********** 
[0;32mok: [localhost][0m

TASK [Validate all CICD secrets were retrieved] ********************************
Thursday 07 May 2026  14:25:23 +0400 (0:00:00.022)       0:00:50.206 ********** 
[1;35m[WARNING]: Deprecation warnings can be disabled by setting `deprecation_warnings=False` in ansible.cfg.[0m
[0;35m[DEPRECATION WARNING]: Conditionals should not be surrounded by templating delimiters such as {{ }} or {% %}. This feature will be removed from ansible-core version 2.23.[0m
[0;35mOrigin: /Users/mohd.tahir/DevWorkspace/eng-infra/cicd/ansible/playbooks/01-jenkins.yml:51:15[0m
[0;35m[0m
[0;35m49     - name: Validate all CICD secrets were retrieved[0m
[0;35m50       assert:[0m
[0;35m51         that: "{{ _cicd_secrets[item] | default('') | length > 0 }}"[0m
[0;35m                 ^ column 15[0m
[0;35m[0m
[0;32mok: [localhost] => (item=github_ssh_key) => {[0m
[0;32m    "ansible_loop_var": "item",[0m
[0;32m    "changed": false,[0m
[0;32m    "item": "github_ssh_key",[0m
[0;32m    "msg": "All assertions passed"[0m
[0;32m}[0m
[0;32mok: [localhost] => (item=browserstack_username) => {[0m
[0;32m    "ansible_loop_var": "item",[0m
[0;32m    "changed": false,[0m
[0;32m    "item": "browserstack_username",[0m
[0;32m    "msg": "All assertions passed"[0m
[0;32m}[0m
[0;32mok: [localhost] => (item=browserstack_access_key) => {[0m
[0;32m    "ansible_loop_var": "item",[0m
[0;32m    "changed": false,[0m
[0;32m    "item": "browserstack_access_key",[0m
[0;32m    "msg": "All assertions passed"[0m
[0;32m}[0m
[0;32mok: [localhost] => (item=asc_key_id) => {[0m
[0;32m    "ansible_loop_var": "item",[0m
[0;32m    "changed": false,[0m
[0;32m    "item": "asc_key_id",[0m
[0;32m    "msg": "All assertions passed"[0m
[0;32m}[0m
[0;32mok: [localhost] => (item=asc_issuer_id) => {[0m
[0;32m    "ansible_loop_var": "item",[0m
[0;32m    "changed": false,[0m
[0;32m    "item": "asc_issuer_id",[0m
[0;32m    "msg": "All assertions passed"[0m
[0;32m}[0m
[0;32mok: [localhost] => (item=asc_key_content) => {[0m
[0;32m    "ansible_loop_var": "item",[0m
[0;32m    "changed": false,[0m
[0;32m    "item": "asc_key_content",[0m
[0;32m    "msg": "All assertions passed"[0m
[0;32m}[0m
[0;32mok: [localhost] => (item=sonarqube_token) => {[0m
[0;32m    "ansible_loop_var": "item",[0m
[0;32m    "changed": false,[0m
[0;32m    "item": "sonarqube_token",[0m
[0;32m    "msg": "All assertions passed"[0m
[0;32m}[0m
[0;32mok: [localhost] => (item=okd_deployer_token) => {[0m
[0;32m    "ansible_loop_var": "item",[0m
[0;32m    "changed": false,[0m
[0;32m    "item": "okd_deployer_token",[0m
[0;32m    "msg": "All assertions passed"[0m
[0;32m}[0m
[0;32mok: [localhost] => (item=sonarqube_admin_password) => {[0m
[0;32m    "ansible_loop_var": "item",[0m
[0;32m    "changed": false,[0m
[0;32m    "item": "sonarqube_admin_password",[0m
[0;32m    "msg": "All assertions passed"[0m
[0;32m}[0m
[0;32mok: [localhost] => (item=sonarqube_current_admin_password) => {[0m
[0;32m    "ansible_loop_var": "item",[0m
[0;32m    "changed": false,[0m
[0;32m    "item": "sonarqube_current_admin_password",[0m
[0;32m    "msg": "All assertions passed"[0m
[0;32m}[0m
[0;32mok: [localhost] => (item=sonarqube_db_password) => {[0m
[0;32m    "ansible_loop_var": "item",[0m
[0;32m    "changed": false,[0m
[0;32m    "item": "sonarqube_db_password",[0m
[0;32m    "msg": "All assertions passed"[0m
[0;32m}[0m
[0;32mok: [localhost] => (item=sonarqube_monitoring_passcode) => {[0m
[0;32m    "ansible_loop_var": "item",[0m
[0;32m    "changed": false,[0m
[0;32m    "item": "sonarqube_monitoring_passcode",[0m
[0;32m    "msg": "All assertions passed"[0m
[0;32m}[0m
[0;32mok: [localhost] => (item=sonarqube_saml_cert) => {[0m
[0;32m    "ansible_loop_var": "item",[0m
[0;32m    "changed": false,[0m
[0;32m    "item": "sonarqube_saml_cert",[0m
[0;32m    "msg": "All assertions passed"[0m
[0;32m}[0m

TASK [Create github-ssh-credentials K8s Secret] ********************************
Thursday 07 May 2026  14:25:23 +0400 (0:00:00.178)       0:00:50.384 ********** 
[0;32mok: [localhost][0m

TASK [Create cicd-credentials K8s Secret] **************************************
Thursday 07 May 2026  14:25:26 +0400 (0:00:02.466)       0:00:52.850 ********** 
[0;32mok: [localhost][0m

TASK [Create okd-deployer-token K8s Secret] ************************************
Thursday 07 May 2026  14:25:28 +0400 (0:00:02.681)       0:00:55.531 ********** 
[0;32mok: [localhost][0m

TASK [Deploy Jenkins via Helm] *************************************************
Thursday 07 May 2026  14:25:31 +0400 (0:00:02.496)       0:00:58.027 ********** 
[0;31m[ERROR]: Task failed: Module failed: non-zero return code[0m
[0;31mOrigin: /Users/mohd.tahir/DevWorkspace/eng-infra/cicd/ansible/playbooks/01-jenkins.yml:117:7[0m
[0;31m[0m
[0;31m115     # Helm Install/Upgrade[0m
[0;31m116     # ------------------------------------------------------------------[0m
[0;31m117     - name: Deploy Jenkins via Helm[0m
[0;31m          ^ column 7[0m
[0;31m[0m
[0;31mfatal: [localhost]: FAILED! => {"changed": false, "cmd": ["helm", "upgrade", "--install", "jenkins", "jenkins/jenkins", "--namespace", "cicd", "--version", "5.8.116", "-f", "/Users/mohd.tahir/DevWorkspace/eng-infra/cicd/ansible/playbooks/../../k8s/jenkins/values.yaml", "--wait", "--timeout", "10m0s"], "delta": "0:00:40.521872", "end": "2026-05-07 14:26:12.141164", "msg": "non-zero return code", "rc": 1, "start": "2026-05-07 14:25:31.619292", "stderr": "level=WARN msg=\"upgrade failed\" name=jenkins error=\"conflict occurred while applying object cicd/jenkins-jenkins-config-role-based-auth /v1, Kind=ConfigMap: Apply failed with 1 conflict: conflict with \\\"kubectl-patch\\\" using v1: .data.role-based-auth.yaml\"\nError: UPGRADE FAILED: conflict occurred while applying object cicd/jenkins-jenkins-config-role-based-auth /v1, Kind=ConfigMap: Apply failed with 1 conflict: conflict with \"kubectl-patch\" using v1: .data.role-based-auth.yaml", "stderr_lines": ["level=WARN msg=\"upgrade failed\" name=jenkins error=\"conflict occurred while applying object cicd/jenkins-jenkins-config-role-based-auth /v1, Kind=ConfigMap: Apply failed with 1 conflict: conflict with \\\"kubectl-patch\\\" using v1: .data.role-based-auth.yaml\"", "Error: UPGRADE FAILED: conflict occurred while applying object cicd/jenkins-jenkins-config-role-based-auth /v1, Kind=ConfigMap: Apply failed with 1 conflict: conflict with \"kubectl-patch\" using v1: .data.role-based-auth.yaml"], "stdout": "", "stdout_lines": []}[0m

PLAY RECAP *********************************************************************
[0;31mlocalhost[0m                  : [0;32mok=97  [0m changed=0    unreachable=0    [0;31mfailed=1   [0m [0;36mskipped=13  [0m rescued=0    ignored=0   


TASKS RECAP ********************************************************************
Thursday 07 May 2026  14:26:12 +0400 (0:00:40.867)       0:01:38.895 ********** 
=============================================================================== 
Deploy Jenkins via Helm ------------------------------------------------ 40.87s
Get cicd-github-ssh-key from Azure Key Vault ---------------------------- 8.12s
Create cicd namespace --------------------------------------------------- 5.57s
Get cicd-asc-key-id from Azure Key Vault -------------------------------- 3.15s
Get cicd-sonarqube-saml-cert from Azure Key Vault ----------------------- 3.12s
Get cicd-asc-key-content from Azure Key Vault --------------------------- 3.06s
Get cicd-sonarqube-monitoring-passcode from Azure Key Vault ------------- 2.94s
Get cicd-sonarqube-db-password from Azure Key Vault --------------------- 2.92s
Get cicd-browserstack-access-key from Azure Key Vault ------------------- 2.85s
Get cicd-browserstack-username from Azure Key Vault --------------------- 2.83s
Get cicd-sonarqube-current-admin-password from Azure Key Vault ---------- 2.83s
Get cicd-okd-deployer-token from Azure Key Vault ------------------------ 2.81s
Get cicd-sonarqube-token from Azure Key Vault --------------------------- 2.80s
Get cicd-asc-issuer-id from Azure Key Vault ----------------------------- 2.76s
Get cicd-sonarqube-admin-password from Azure Key Vault ------------------ 2.74s
Create cicd-credentials K8s Secret -------------------------------------- 2.68s
Create okd-deployer-token K8s Secret ------------------------------------ 2.50s
Create github-ssh-credentials K8s Secret -------------------------------- 2.47s
Validate all CICD secrets were retrieved -------------------------------- 0.18s
Fetch << error 1 - 'item' is undefined >> from credential store --------- 0.11s
