[1;34m>>>[0m Generating /Users/mohd.tahir/DevWorkspace/eng-infra/cicd/ansible/temp/cloud-vars.yml
[1;34m>>>[0m Generated vars file with 15 variables
[1;34m>>>[0m Running: playbooks/01-jenkins.yml
[1;35m[WARNING]: Unable to parse /Users/mohd.tahir/DevWorkspace/eng-infra/cicd/ansible/inventory as an inventory source[0m
[1;35m[WARNING]: No inventory was parsed, only implicit localhost is available[0m
[1;35m[WARNING]: provided hosts list is empty, only localhost is available. Note that the implicit localhost does not match 'all'[0m

PLAY [Deploy Jenkins to CICD AKS] **********************************************

TASK [Create cicd namespace] ***************************************************
Monday 11 May 2026  14:22:02 +0400 (0:00:00.038)       0:00:00.038 ************ 
[0;32mok: [localhost][0m

TASK [Initialize CICD secrets] *************************************************
Monday 11 May 2026  14:22:07 +0400 (0:00:04.836)       0:00:04.875 ************ 
[1;35m[WARNING]: Encountered 1 template error.[0m
[1;35merror 1 - 'item' is undefined[0m
[1;35mOrigin: /Users/mohd.tahir/DevWorkspace/eng-infra/cicd/ansible/playbooks/01-jenkins.yml:43:13[0m
[1;35m[0m
[1;35m41         _cicd_secrets: {}[0m
[1;35m42[0m
[1;35m43     - name: "Fetch {{ item.key }} from credential store"[0m
[1;35m               ^ column 13[0m
[1;35m[0m
[0;32mok: [localhost][0m

TASK [Fetch << error 1 - 'item' is undefined >> from credential store] *********
Monday 11 May 2026  14:22:07 +0400 (0:00:00.011)       0:00:04.887 ************ 
[0;36mincluded: /Users/mohd.tahir/DevWorkspace/eng-infra/cicd/ansible/playbooks/inc/fetch-and-store-secret.yaml for localhost => (item=github_ssh_key)[0m
[0;36mincluded: /Users/mohd.tahir/DevWorkspace/eng-infra/cicd/ansible/playbooks/inc/fetch-and-store-secret.yaml for localhost => (item=browserstack_username)[0m
[0;36mincluded: /Users/mohd.tahir/DevWorkspace/eng-infra/cicd/ansible/playbooks/inc/fetch-and-store-secret.yaml for localhost => (item=browserstack_access_key)[0m
[0;36mincluded: /Users/mohd.tahir/DevWorkspace/eng-infra/cicd/ansible/playbooks/inc/fetch-and-store-secret.yaml for localhost => (item=asc_key_id)[0m
[0;36mincluded: /Users/mohd.tahir/DevWorkspace/eng-infra/cicd/ansible/playbooks/inc/fetch-and-store-secret.yaml for localhost => (item=asc_issuer_id)[0m
[0;36mincluded: /Users/mohd.tahir/DevWorkspace/eng-infra/cicd/ansible/playbooks/inc/fetch-and-store-secret.yaml for localhost => (item=asc_key_content)[0m
[0;36mincluded: /Users/mohd.tahir/DevWorkspace/eng-infra/cicd/ansible/playbooks/inc/fetch-and-store-secret.yaml for localhost => (item=sonarqube_token)[0m
[0;36mincluded: /Users/mohd.tahir/DevWorkspace/eng-infra/cicd/ansible/playbooks/inc/fetch-and-store-secret.yaml for localhost => (item=okd_deployer_token)[0m
[0;36mincluded: /Users/mohd.tahir/DevWorkspace/eng-infra/cicd/ansible/playbooks/inc/fetch-and-store-secret.yaml for localhost => (item=github_packages_token)[0m
[0;36mincluded: /Users/mohd.tahir/DevWorkspace/eng-infra/cicd/ansible/playbooks/inc/fetch-and-store-secret.yaml for localhost => (item=sonarqube_admin_password)[0m
[0;36mincluded: /Users/mohd.tahir/DevWorkspace/eng-infra/cicd/ansible/playbooks/inc/fetch-and-store-secret.yaml for localhost => (item=sonarqube_current_admin_password)[0m
[0;36mincluded: /Users/mohd.tahir/DevWorkspace/eng-infra/cicd/ansible/playbooks/inc/fetch-and-store-secret.yaml for localhost => (item=sonarqube_db_password)[0m
[0;36mincluded: /Users/mohd.tahir/DevWorkspace/eng-infra/cicd/ansible/playbooks/inc/fetch-and-store-secret.yaml for localhost => (item=sonarqube_monitoring_passcode)[0m
[0;36mincluded: /Users/mohd.tahir/DevWorkspace/eng-infra/cicd/ansible/playbooks/inc/fetch-and-store-secret.yaml for localhost => (item=sonarqube_saml_cert)[0m

TASK [ansible.builtin.include_tasks] *******************************************
Monday 11 May 2026  14:22:07 +0400 (0:00:00.146)       0:00:05.033 ************ 
[0;36mincluded: /Users/mohd.tahir/DevWorkspace/eng-infra/cicd/ansible/playbooks/credential-stores-get-secret.yaml for localhost[0m

TASK [Reset credential store result] *******************************************
Monday 11 May 2026  14:22:07 +0400 (0:00:00.018)       0:00:05.051 ************ 
[0;32mok: [localhost][0m

TASK [Fetch cicd-github-ssh-key from Azure Key Vault] **************************
Monday 11 May 2026  14:22:07 +0400 (0:00:00.011)       0:00:05.063 ************ 
[0;36mincluded: /Users/mohd.tahir/DevWorkspace/eng-infra/cicd/ansible/playbooks/inc/credential-stores/azure_kv/get-secret.yaml for localhost[0m

TASK [Get cicd-github-ssh-key from Azure Key Vault] ****************************
Monday 11 May 2026  14:22:07 +0400 (0:00:00.037)       0:00:05.100 ************ 
[0;32mok: [localhost][0m

TASK [set_fact] ****************************************************************
Monday 11 May 2026  14:22:14 +0400 (0:00:07.373)       0:00:12.474 ************ 
[0;32mok: [localhost][0m

TASK [Console store — skip read (write-only)] **********************************
Monday 11 May 2026  14:22:14 +0400 (0:00:00.027)       0:00:12.501 ************ 
[0;36mskipping: [localhost][0m

TASK [set_fact] ****************************************************************
Monday 11 May 2026  14:22:14 +0400 (0:00:00.017)       0:00:12.519 ************ 
[0;32mok: [localhost][0m

TASK [ansible.builtin.include_tasks] *******************************************
Monday 11 May 2026  14:22:14 +0400 (0:00:00.019)       0:00:12.539 ************ 
[0;36mincluded: /Users/mohd.tahir/DevWorkspace/eng-infra/cicd/ansible/playbooks/credential-stores-get-secret.yaml for localhost[0m

TASK [Reset credential store result] *******************************************
Monday 11 May 2026  14:22:14 +0400 (0:00:00.011)       0:00:12.550 ************ 
[0;32mok: [localhost][0m

TASK [Fetch cicd-browserstack-username from Azure Key Vault] *******************
Monday 11 May 2026  14:22:14 +0400 (0:00:00.011)       0:00:12.561 ************ 
[0;36mincluded: /Users/mohd.tahir/DevWorkspace/eng-infra/cicd/ansible/playbooks/inc/credential-stores/azure_kv/get-secret.yaml for localhost[0m

TASK [Get cicd-browserstack-username from Azure Key Vault] *********************
Monday 11 May 2026  14:22:14 +0400 (0:00:00.022)       0:00:12.584 ************ 
[0;32mok: [localhost][0m

TASK [set_fact] ****************************************************************
Monday 11 May 2026  14:22:17 +0400 (0:00:02.843)       0:00:15.427 ************ 
[0;32mok: [localhost][0m

TASK [Console store — skip read (write-only)] **********************************
Monday 11 May 2026  14:22:17 +0400 (0:00:00.021)       0:00:15.448 ************ 
[0;36mskipping: [localhost][0m

TASK [set_fact] ****************************************************************
Monday 11 May 2026  14:22:17 +0400 (0:00:00.017)       0:00:15.465 ************ 
[0;32mok: [localhost][0m

TASK [ansible.builtin.include_tasks] *******************************************
Monday 11 May 2026  14:22:17 +0400 (0:00:00.018)       0:00:15.484 ************ 
[0;36mincluded: /Users/mohd.tahir/DevWorkspace/eng-infra/cicd/ansible/playbooks/credential-stores-get-secret.yaml for localhost[0m

TASK [Reset credential store result] *******************************************
Monday 11 May 2026  14:22:17 +0400 (0:00:00.011)       0:00:15.495 ************ 
[0;32mok: [localhost][0m

TASK [Fetch cicd-browserstack-access-key from Azure Key Vault] *****************
Monday 11 May 2026  14:22:17 +0400 (0:00:00.010)       0:00:15.506 ************ 
[0;36mincluded: /Users/mohd.tahir/DevWorkspace/eng-infra/cicd/ansible/playbooks/inc/credential-stores/azure_kv/get-secret.yaml for localhost[0m

TASK [Get cicd-browserstack-access-key from Azure Key Vault] *******************
Monday 11 May 2026  14:22:17 +0400 (0:00:00.022)       0:00:15.529 ************ 
[0;32mok: [localhost][0m

TASK [set_fact] ****************************************************************
Monday 11 May 2026  14:22:20 +0400 (0:00:02.726)       0:00:18.255 ************ 
[0;32mok: [localhost][0m

TASK [Console store — skip read (write-only)] **********************************
Monday 11 May 2026  14:22:20 +0400 (0:00:00.020)       0:00:18.276 ************ 
[0;36mskipping: [localhost][0m

TASK [set_fact] ****************************************************************
Monday 11 May 2026  14:22:20 +0400 (0:00:00.016)       0:00:18.292 ************ 
[0;32mok: [localhost][0m

TASK [ansible.builtin.include_tasks] *******************************************
Monday 11 May 2026  14:22:20 +0400 (0:00:00.019)       0:00:18.311 ************ 
[0;36mincluded: /Users/mohd.tahir/DevWorkspace/eng-infra/cicd/ansible/playbooks/credential-stores-get-secret.yaml for localhost[0m

TASK [Reset credential store result] *******************************************
Monday 11 May 2026  14:22:20 +0400 (0:00:00.011)       0:00:18.323 ************ 
[0;32mok: [localhost][0m

TASK [Fetch cicd-asc-key-id from Azure Key Vault] ******************************
Monday 11 May 2026  14:22:20 +0400 (0:00:00.010)       0:00:18.333 ************ 
[0;36mincluded: /Users/mohd.tahir/DevWorkspace/eng-infra/cicd/ansible/playbooks/inc/credential-stores/azure_kv/get-secret.yaml for localhost[0m

TASK [Get cicd-asc-key-id from Azure Key Vault] ********************************
Monday 11 May 2026  14:22:20 +0400 (0:00:00.022)       0:00:18.356 ************ 
[0;32mok: [localhost][0m

TASK [set_fact] ****************************************************************
Monday 11 May 2026  14:22:23 +0400 (0:00:03.017)       0:00:21.374 ************ 
[0;32mok: [localhost][0m

TASK [Console store — skip read (write-only)] **********************************
Monday 11 May 2026  14:22:23 +0400 (0:00:00.021)       0:00:21.395 ************ 
[0;36mskipping: [localhost][0m

TASK [set_fact] ****************************************************************
Monday 11 May 2026  14:22:23 +0400 (0:00:00.017)       0:00:21.412 ************ 
[0;32mok: [localhost][0m

TASK [ansible.builtin.include_tasks] *******************************************
Monday 11 May 2026  14:22:23 +0400 (0:00:00.019)       0:00:21.432 ************ 
[0;36mincluded: /Users/mohd.tahir/DevWorkspace/eng-infra/cicd/ansible/playbooks/credential-stores-get-secret.yaml for localhost[0m

TASK [Reset credential store result] *******************************************
Monday 11 May 2026  14:22:23 +0400 (0:00:00.011)       0:00:21.443 ************ 
[0;32mok: [localhost][0m

TASK [Fetch cicd-asc-issuer-id from Azure Key Vault] ***************************
Monday 11 May 2026  14:22:23 +0400 (0:00:00.010)       0:00:21.454 ************ 
[0;36mincluded: /Users/mohd.tahir/DevWorkspace/eng-infra/cicd/ansible/playbooks/inc/credential-stores/azure_kv/get-secret.yaml for localhost[0m

TASK [Get cicd-asc-issuer-id from Azure Key Vault] *****************************
Monday 11 May 2026  14:22:23 +0400 (0:00:00.021)       0:00:21.475 ************ 
[0;32mok: [localhost][0m

TASK [set_fact] ****************************************************************
Monday 11 May 2026  14:22:26 +0400 (0:00:03.006)       0:00:24.482 ************ 
[0;32mok: [localhost][0m

TASK [Console store — skip read (write-only)] **********************************
Monday 11 May 2026  14:22:26 +0400 (0:00:00.021)       0:00:24.503 ************ 
[0;36mskipping: [localhost][0m

TASK [set_fact] ****************************************************************
Monday 11 May 2026  14:22:26 +0400 (0:00:00.016)       0:00:24.520 ************ 
[0;32mok: [localhost][0m

TASK [ansible.builtin.include_tasks] *******************************************
Monday 11 May 2026  14:22:26 +0400 (0:00:00.018)       0:00:24.539 ************ 
[0;36mincluded: /Users/mohd.tahir/DevWorkspace/eng-infra/cicd/ansible/playbooks/credential-stores-get-secret.yaml for localhost[0m

TASK [Reset credential store result] *******************************************
Monday 11 May 2026  14:22:26 +0400 (0:00:00.011)       0:00:24.550 ************ 
[0;32mok: [localhost][0m

TASK [Fetch cicd-asc-key-content from Azure Key Vault] *************************
Monday 11 May 2026  14:22:26 +0400 (0:00:00.011)       0:00:24.562 ************ 
[0;36mincluded: /Users/mohd.tahir/DevWorkspace/eng-infra/cicd/ansible/playbooks/inc/credential-stores/azure_kv/get-secret.yaml for localhost[0m

TASK [Get cicd-asc-key-content from Azure Key Vault] ***************************
Monday 11 May 2026  14:22:26 +0400 (0:00:00.021)       0:00:24.583 ************ 
[0;32mok: [localhost][0m

TASK [set_fact] ****************************************************************
Monday 11 May 2026  14:22:29 +0400 (0:00:02.824)       0:00:27.407 ************ 
[0;32mok: [localhost][0m

TASK [Console store — skip read (write-only)] **********************************
Monday 11 May 2026  14:22:29 +0400 (0:00:00.021)       0:00:27.429 ************ 
[0;36mskipping: [localhost][0m

TASK [set_fact] ****************************************************************
Monday 11 May 2026  14:22:29 +0400 (0:00:00.017)       0:00:27.447 ************ 
[0;32mok: [localhost][0m

TASK [ansible.builtin.include_tasks] *******************************************
Monday 11 May 2026  14:22:29 +0400 (0:00:00.019)       0:00:27.466 ************ 
[0;36mincluded: /Users/mohd.tahir/DevWorkspace/eng-infra/cicd/ansible/playbooks/credential-stores-get-secret.yaml for localhost[0m

TASK [Reset credential store result] *******************************************
Monday 11 May 2026  14:22:29 +0400 (0:00:00.011)       0:00:27.478 ************ 
[0;32mok: [localhost][0m

TASK [Fetch cicd-sonarqube-token from Azure Key Vault] *************************
Monday 11 May 2026  14:22:29 +0400 (0:00:00.010)       0:00:27.488 ************ 
[0;36mincluded: /Users/mohd.tahir/DevWorkspace/eng-infra/cicd/ansible/playbooks/inc/credential-stores/azure_kv/get-secret.yaml for localhost[0m

TASK [Get cicd-sonarqube-token from Azure Key Vault] ***************************
Monday 11 May 2026  14:22:29 +0400 (0:00:00.022)       0:00:27.511 ************ 
[0;32mok: [localhost][0m

TASK [set_fact] ****************************************************************
Monday 11 May 2026  14:22:32 +0400 (0:00:02.661)       0:00:30.173 ************ 
[0;32mok: [localhost][0m

TASK [Console store — skip read (write-only)] **********************************
Monday 11 May 2026  14:22:32 +0400 (0:00:00.021)       0:00:30.195 ************ 
[0;36mskipping: [localhost][0m

TASK [set_fact] ****************************************************************
Monday 11 May 2026  14:22:32 +0400 (0:00:00.017)       0:00:30.212 ************ 
[0;32mok: [localhost][0m

TASK [ansible.builtin.include_tasks] *******************************************
Monday 11 May 2026  14:22:32 +0400 (0:00:00.019)       0:00:30.232 ************ 
[0;36mincluded: /Users/mohd.tahir/DevWorkspace/eng-infra/cicd/ansible/playbooks/credential-stores-get-secret.yaml for localhost[0m

TASK [Reset credential store result] *******************************************
Monday 11 May 2026  14:22:32 +0400 (0:00:00.012)       0:00:30.244 ************ 
[0;32mok: [localhost][0m

TASK [Fetch cicd-okd-deployer-token from Azure Key Vault] **********************
Monday 11 May 2026  14:22:32 +0400 (0:00:00.011)       0:00:30.256 ************ 
[0;36mincluded: /Users/mohd.tahir/DevWorkspace/eng-infra/cicd/ansible/playbooks/inc/credential-stores/azure_kv/get-secret.yaml for localhost[0m

TASK [Get cicd-okd-deployer-token from Azure Key Vault] ************************
Monday 11 May 2026  14:22:32 +0400 (0:00:00.022)       0:00:30.278 ************ 
[0;32mok: [localhost][0m

TASK [set_fact] ****************************************************************
Monday 11 May 2026  14:22:35 +0400 (0:00:02.729)       0:00:33.007 ************ 
[0;32mok: [localhost][0m

TASK [Console store — skip read (write-only)] **********************************
Monday 11 May 2026  14:22:35 +0400 (0:00:00.021)       0:00:33.029 ************ 
[0;36mskipping: [localhost][0m

TASK [set_fact] ****************************************************************
Monday 11 May 2026  14:22:35 +0400 (0:00:00.017)       0:00:33.047 ************ 
[0;32mok: [localhost][0m

TASK [ansible.builtin.include_tasks] *******************************************
Monday 11 May 2026  14:22:35 +0400 (0:00:00.019)       0:00:33.066 ************ 
[0;36mincluded: /Users/mohd.tahir/DevWorkspace/eng-infra/cicd/ansible/playbooks/credential-stores-get-secret.yaml for localhost[0m

TASK [Reset credential store result] *******************************************
Monday 11 May 2026  14:22:35 +0400 (0:00:00.012)       0:00:33.078 ************ 
[0;32mok: [localhost][0m

TASK [Fetch cicd-github-packages-token from Azure Key Vault] *******************
Monday 11 May 2026  14:22:35 +0400 (0:00:00.011)       0:00:33.090 ************ 
[0;36mincluded: /Users/mohd.tahir/DevWorkspace/eng-infra/cicd/ansible/playbooks/inc/credential-stores/azure_kv/get-secret.yaml for localhost[0m

TASK [Get cicd-github-packages-token from Azure Key Vault] *********************
Monday 11 May 2026  14:22:35 +0400 (0:00:00.022)       0:00:33.112 ************ 
[0;32mok: [localhost][0m

TASK [set_fact] ****************************************************************
Monday 11 May 2026  14:22:38 +0400 (0:00:03.001)       0:00:36.114 ************ 
[0;32mok: [localhost][0m

TASK [Console store — skip read (write-only)] **********************************
Monday 11 May 2026  14:22:38 +0400 (0:00:00.020)       0:00:36.134 ************ 
[0;36mskipping: [localhost][0m

TASK [set_fact] ****************************************************************
Monday 11 May 2026  14:22:38 +0400 (0:00:00.017)       0:00:36.151 ************ 
[0;32mok: [localhost][0m

TASK [ansible.builtin.include_tasks] *******************************************
Monday 11 May 2026  14:22:38 +0400 (0:00:00.020)       0:00:36.172 ************ 
[0;36mincluded: /Users/mohd.tahir/DevWorkspace/eng-infra/cicd/ansible/playbooks/credential-stores-get-secret.yaml for localhost[0m

TASK [Reset credential store result] *******************************************
Monday 11 May 2026  14:22:38 +0400 (0:00:00.012)       0:00:36.184 ************ 
[0;32mok: [localhost][0m

TASK [Fetch cicd-sonarqube-admin-password from Azure Key Vault] ****************
Monday 11 May 2026  14:22:38 +0400 (0:00:00.012)       0:00:36.197 ************ 
[0;36mincluded: /Users/mohd.tahir/DevWorkspace/eng-infra/cicd/ansible/playbooks/inc/credential-stores/azure_kv/get-secret.yaml for localhost[0m

TASK [Get cicd-sonarqube-admin-password from Azure Key Vault] ******************
Monday 11 May 2026  14:22:38 +0400 (0:00:00.022)       0:00:36.220 ************ 
[0;32mok: [localhost][0m

TASK [set_fact] ****************************************************************
Monday 11 May 2026  14:22:41 +0400 (0:00:02.975)       0:00:39.195 ************ 
[0;32mok: [localhost][0m

TASK [Console store — skip read (write-only)] **********************************
Monday 11 May 2026  14:22:41 +0400 (0:00:00.020)       0:00:39.215 ************ 
[0;36mskipping: [localhost][0m

TASK [set_fact] ****************************************************************
Monday 11 May 2026  14:22:41 +0400 (0:00:00.017)       0:00:39.233 ************ 
[0;32mok: [localhost][0m

TASK [ansible.builtin.include_tasks] *******************************************
Monday 11 May 2026  14:22:41 +0400 (0:00:00.019)       0:00:39.252 ************ 
[0;36mincluded: /Users/mohd.tahir/DevWorkspace/eng-infra/cicd/ansible/playbooks/credential-stores-get-secret.yaml for localhost[0m

TASK [Reset credential store result] *******************************************
Monday 11 May 2026  14:22:41 +0400 (0:00:00.011)       0:00:39.264 ************ 
[0;32mok: [localhost][0m

TASK [Fetch cicd-sonarqube-current-admin-password from Azure Key Vault] ********
Monday 11 May 2026  14:22:41 +0400 (0:00:00.010)       0:00:39.274 ************ 
[0;36mincluded: /Users/mohd.tahir/DevWorkspace/eng-infra/cicd/ansible/playbooks/inc/credential-stores/azure_kv/get-secret.yaml for localhost[0m

TASK [Get cicd-sonarqube-current-admin-password from Azure Key Vault] **********
Monday 11 May 2026  14:22:41 +0400 (0:00:00.021)       0:00:39.295 ************ 
[0;32mok: [localhost][0m

TASK [set_fact] ****************************************************************
Monday 11 May 2026  14:22:44 +0400 (0:00:02.870)       0:00:42.166 ************ 
[0;32mok: [localhost][0m

TASK [Console store — skip read (write-only)] **********************************
Monday 11 May 2026  14:22:44 +0400 (0:00:00.020)       0:00:42.187 ************ 
[0;36mskipping: [localhost][0m

TASK [set_fact] ****************************************************************
Monday 11 May 2026  14:22:44 +0400 (0:00:00.016)       0:00:42.204 ************ 
[0;32mok: [localhost][0m

TASK [ansible.builtin.include_tasks] *******************************************
Monday 11 May 2026  14:22:44 +0400 (0:00:00.019)       0:00:42.223 ************ 
[0;36mincluded: /Users/mohd.tahir/DevWorkspace/eng-infra/cicd/ansible/playbooks/credential-stores-get-secret.yaml for localhost[0m

TASK [Reset credential store result] *******************************************
Monday 11 May 2026  14:22:44 +0400 (0:00:00.012)       0:00:42.235 ************ 
[0;32mok: [localhost][0m

TASK [Fetch cicd-sonarqube-db-password from Azure Key Vault] *******************
Monday 11 May 2026  14:22:44 +0400 (0:00:00.011)       0:00:42.247 ************ 
[0;36mincluded: /Users/mohd.tahir/DevWorkspace/eng-infra/cicd/ansible/playbooks/inc/credential-stores/azure_kv/get-secret.yaml for localhost[0m

TASK [Get cicd-sonarqube-db-password from Azure Key Vault] *********************
Monday 11 May 2026  14:22:44 +0400 (0:00:00.021)       0:00:42.269 ************ 
[0;32mok: [localhost][0m

TASK [set_fact] ****************************************************************
Monday 11 May 2026  14:22:47 +0400 (0:00:02.727)       0:00:44.996 ************ 
[0;32mok: [localhost][0m

TASK [Console store — skip read (write-only)] **********************************
Monday 11 May 2026  14:22:47 +0400 (0:00:00.019)       0:00:45.016 ************ 
[0;36mskipping: [localhost][0m

TASK [set_fact] ****************************************************************
Monday 11 May 2026  14:22:47 +0400 (0:00:00.016)       0:00:45.033 ************ 
[0;32mok: [localhost][0m

TASK [ansible.builtin.include_tasks] *******************************************
Monday 11 May 2026  14:22:47 +0400 (0:00:00.019)       0:00:45.053 ************ 
[0;36mincluded: /Users/mohd.tahir/DevWorkspace/eng-infra/cicd/ansible/playbooks/credential-stores-get-secret.yaml for localhost[0m

TASK [Reset credential store result] *******************************************
Monday 11 May 2026  14:22:47 +0400 (0:00:00.011)       0:00:45.064 ************ 
[0;32mok: [localhost][0m

TASK [Fetch cicd-sonarqube-monitoring-passcode from Azure Key Vault] ***********
Monday 11 May 2026  14:22:47 +0400 (0:00:00.010)       0:00:45.075 ************ 
[0;36mincluded: /Users/mohd.tahir/DevWorkspace/eng-infra/cicd/ansible/playbooks/inc/credential-stores/azure_kv/get-secret.yaml for localhost[0m

TASK [Get cicd-sonarqube-monitoring-passcode from Azure Key Vault] *************
Monday 11 May 2026  14:22:47 +0400 (0:00:00.023)       0:00:45.098 ************ 
[0;32mok: [localhost][0m

TASK [set_fact] ****************************************************************
Monday 11 May 2026  14:22:50 +0400 (0:00:02.887)       0:00:47.986 ************ 
[0;32mok: [localhost][0m

TASK [Console store — skip read (write-only)] **********************************
Monday 11 May 2026  14:22:50 +0400 (0:00:00.021)       0:00:48.007 ************ 
[0;36mskipping: [localhost][0m

TASK [set_fact] ****************************************************************
Monday 11 May 2026  14:22:50 +0400 (0:00:00.017)       0:00:48.025 ************ 
[0;32mok: [localhost][0m

TASK [ansible.builtin.include_tasks] *******************************************
Monday 11 May 2026  14:22:50 +0400 (0:00:00.020)       0:00:48.045 ************ 
[0;36mincluded: /Users/mohd.tahir/DevWorkspace/eng-infra/cicd/ansible/playbooks/credential-stores-get-secret.yaml for localhost[0m

TASK [Reset credential store result] *******************************************
Monday 11 May 2026  14:22:50 +0400 (0:00:00.012)       0:00:48.057 ************ 
[0;32mok: [localhost][0m

TASK [Fetch cicd-sonarqube-saml-cert from Azure Key Vault] *********************
Monday 11 May 2026  14:22:50 +0400 (0:00:00.010)       0:00:48.068 ************ 
[0;36mincluded: /Users/mohd.tahir/DevWorkspace/eng-infra/cicd/ansible/playbooks/inc/credential-stores/azure_kv/get-secret.yaml for localhost[0m

TASK [Get cicd-sonarqube-saml-cert from Azure Key Vault] ***********************
Monday 11 May 2026  14:22:50 +0400 (0:00:00.021)       0:00:48.089 ************ 
[0;32mok: [localhost][0m

TASK [set_fact] ****************************************************************
Monday 11 May 2026  14:22:53 +0400 (0:00:02.941)       0:00:51.031 ************ 
[0;32mok: [localhost][0m

TASK [Console store — skip read (write-only)] **********************************
Monday 11 May 2026  14:22:53 +0400 (0:00:00.020)       0:00:51.051 ************ 
[0;36mskipping: [localhost][0m

TASK [set_fact] ****************************************************************
Monday 11 May 2026  14:22:53 +0400 (0:00:00.017)       0:00:51.069 ************ 
[0;32mok: [localhost][0m

TASK [Validate all CICD secrets were retrieved] ********************************
Monday 11 May 2026  14:22:53 +0400 (0:00:00.027)       0:00:51.096 ************ 
[1;35m[WARNING]: Deprecation warnings can be disabled by setting `deprecation_warnings=False` in ansible.cfg.[0m
[0;35m[DEPRECATION WARNING]: Conditionals should not be surrounded by templating delimiters such as {{ }} or {% %}. This feature will be removed from ansible-core version 2.23.[0m
[0;35mOrigin: /Users/mohd.tahir/DevWorkspace/eng-infra/cicd/ansible/playbooks/01-jenkins.yml:51:15[0m
[0;35m[0m
[0;35m49     - name: Validate all CICD secrets were retrieved[0m
[0;35m50       assert:[0m
[0;35m51         that: "{{ _cicd_secrets[item] | default('') | length > 0 }}"[0m
[0;35m                 ^ column 15[0m
[0;35m[0m
[0;32mok: [localhost] => (item=github_ssh_key) => {[0m
[0;32m    "ansible_loop_var": "item",[0m
[0;32m    "changed": false,[0m
[0;32m    "item": "github_ssh_key",[0m
[0;32m    "msg": "All assertions passed"[0m
[0;32m}[0m
[0;32mok: [localhost] => (item=browserstack_username) => {[0m
[0;32m    "ansible_loop_var": "item",[0m
[0;32m    "changed": false,[0m
[0;32m    "item": "browserstack_username",[0m
[0;32m    "msg": "All assertions passed"[0m
[0;32m}[0m
[0;32mok: [localhost] => (item=browserstack_access_key) => {[0m
[0;32m    "ansible_loop_var": "item",[0m
[0;32m    "changed": false,[0m
[0;32m    "item": "browserstack_access_key",[0m
[0;32m    "msg": "All assertions passed"[0m
[0;32m}[0m
[0;32mok: [localhost] => (item=asc_key_id) => {[0m
[0;32m    "ansible_loop_var": "item",[0m
[0;32m    "changed": false,[0m
[0;32m    "item": "asc_key_id",[0m
[0;32m    "msg": "All assertions passed"[0m
[0;32m}[0m
[0;32mok: [localhost] => (item=asc_issuer_id) => {[0m
[0;32m    "ansible_loop_var": "item",[0m
[0;32m    "changed": false,[0m
[0;32m    "item": "asc_issuer_id",[0m
[0;32m    "msg": "All assertions passed"[0m
[0;32m}[0m
[0;32mok: [localhost] => (item=asc_key_content) => {[0m
[0;32m    "ansible_loop_var": "item",[0m
[0;32m    "changed": false,[0m
[0;32m    "item": "asc_key_content",[0m
[0;32m    "msg": "All assertions passed"[0m
[0;32m}[0m
[0;32mok: [localhost] => (item=sonarqube_token) => {[0m
[0;32m    "ansible_loop_var": "item",[0m
[0;32m    "changed": false,[0m
[0;32m    "item": "sonarqube_token",[0m
[0;32m    "msg": "All assertions passed"[0m
[0;32m}[0m
[0;32mok: [localhost] => (item=okd_deployer_token) => {[0m
[0;32m    "ansible_loop_var": "item",[0m
[0;32m    "changed": false,[0m
[0;32m    "item": "okd_deployer_token",[0m
[0;32m    "msg": "All assertions passed"[0m
[0;32m}[0m
[0;32mok: [localhost] => (item=github_packages_token) => {[0m
[0;32m    "ansible_loop_var": "item",[0m
[0;32m    "changed": false,[0m
[0;32m    "item": "github_packages_token",[0m
[0;32m    "msg": "All assertions passed"[0m
[0;32m}[0m
[0;32mok: [localhost] => (item=sonarqube_admin_password) => {[0m
[0;32m    "ansible_loop_var": "item",[0m
[0;32m    "changed": false,[0m
[0;32m    "item": "sonarqube_admin_password",[0m
[0;32m    "msg": "All assertions passed"[0m
[0;32m}[0m
[0;32mok: [localhost] => (item=sonarqube_current_admin_password) => {[0m
[0;32m    "ansible_loop_var": "item",[0m
[0;32m    "changed": false,[0m
[0;32m    "item": "sonarqube_current_admin_password",[0m
[0;32m    "msg": "All assertions passed"[0m
[0;32m}[0m
[0;32mok: [localhost] => (item=sonarqube_db_password) => {[0m
[0;32m    "ansible_loop_var": "item",[0m
[0;32m    "changed": false,[0m
[0;32m    "item": "sonarqube_db_password",[0m
[0;32m    "msg": "All assertions passed"[0m
[0;32m}[0m
[0;32mok: [localhost] => (item=sonarqube_monitoring_passcode) => {[0m
[0;32m    "ansible_loop_var": "item",[0m
[0;32m    "changed": false,[0m
[0;32m    "item": "sonarqube_monitoring_passcode",[0m
[0;32m    "msg": "All assertions passed"[0m
[0;32m}[0m
[0;32mok: [localhost] => (item=sonarqube_saml_cert) => {[0m
[0;32m    "ansible_loop_var": "item",[0m
[0;32m    "changed": false,[0m
[0;32m    "item": "sonarqube_saml_cert",[0m
[0;32m    "msg": "All assertions passed"[0m
[0;32m}[0m

TASK [Create github-ssh-credentials K8s Secret] ********************************
Monday 11 May 2026  14:22:53 +0400 (0:00:00.208)       0:00:51.305 ************ 
[0;32mok: [localhost][0m

TASK [Create cicd-credentials K8s Secret] **************************************
Monday 11 May 2026  14:22:55 +0400 (0:00:02.460)       0:00:53.765 ************ 
[0;32mok: [localhost][0m

TASK [Create okd-deployer-token K8s Secret] ************************************
Monday 11 May 2026  14:22:58 +0400 (0:00:02.795)       0:00:56.560 ************ 
[0;32mok: [localhost][0m

TASK [Deploy Jenkins via Helm] *************************************************
Monday 11 May 2026  14:23:01 +0400 (0:00:02.569)       0:00:59.130 ************ 
[0;33mchanged: [localhost][0m

TASK [Patch Jenkins SA with Workload Identity annotation] **********************
Monday 11 May 2026  14:23:47 +0400 (0:00:45.999)       0:01:45.130 ************ 
[0;32mok: [localhost][0m

TASK [Wait for Jenkins rollout] ************************************************
Monday 11 May 2026  14:23:50 +0400 (0:00:03.122)       0:01:48.252 ************ 
[0;32mok: [localhost][0m

TASK [Done] ********************************************************************
Monday 11 May 2026  14:24:05 +0400 (0:00:14.689)       0:02:02.942 ************ 
[0;32mok: [localhost] => {[0m
[0;32m    "msg": "Jenkins deployed to CICD AKS:\n  Namespace: cicd\n  Workload Identity: d7b6939e-c5e0-473d-9334-58aade4046b9\n  Helm version: 5.8.116\n  K8s Secrets: github-ssh-credentials, cicd-credentials, okd-deployer-token\nAll secrets sourced from credential store (Azure Key Vault)\n"[0m
[0;32m}[0m

PLAY RECAP *********************************************************************
[0;33mlocalhost[0m                  : [0;32mok=108 [0m [0;33mchanged=1   [0m unreachable=0    failed=0    [0;36mskipped=14  [0m rescued=0    ignored=0   


TASKS RECAP ********************************************************************
Monday 11 May 2026  14:24:05 +0400 (0:00:00.018)       0:02:02.960 ************ 
=============================================================================== 
Deploy Jenkins via Helm ------------------------------------------------ 46.00s
Wait for Jenkins rollout ----------------------------------------------- 14.69s
Get cicd-github-ssh-key from Azure Key Vault ---------------------------- 7.37s
Create cicd namespace --------------------------------------------------- 4.84s
Patch Jenkins SA with Workload Identity annotation ---------------------- 3.12s
Get cicd-asc-key-id from Azure Key Vault -------------------------------- 3.02s
Get cicd-asc-issuer-id from Azure Key Vault ----------------------------- 3.01s
Get cicd-github-packages-token from Azure Key Vault --------------------- 3.00s
Get cicd-sonarqube-admin-password from Azure Key Vault ------------------ 2.98s
Get cicd-sonarqube-saml-cert from Azure Key Vault ----------------------- 2.94s
Get cicd-sonarqube-monitoring-passcode from Azure Key Vault ------------- 2.89s
Get cicd-sonarqube-current-admin-password from Azure Key Vault ---------- 2.87s
Get cicd-browserstack-username from Azure Key Vault --------------------- 2.84s
Get cicd-asc-key-content from Azure Key Vault --------------------------- 2.82s
Create cicd-credentials K8s Secret -------------------------------------- 2.80s
Get cicd-okd-deployer-token from Azure Key Vault ------------------------ 2.73s
Get cicd-sonarqube-db-password from Azure Key Vault --------------------- 2.73s
Get cicd-browserstack-access-key from Azure Key Vault ------------------- 2.73s
Get cicd-sonarqube-token from Azure Key Vault --------------------------- 2.66s
Create okd-deployer-token K8s Secret ------------------------------------ 2.57s
